# Generated by Apache Directory Studio on January 14, 2021, 9:51:01 AM

# SCHEMA "DCM4CHEE-ARCHIVE-UI"
#!RESULT OK
#!CONNECTION ldap://localhost:10389
#!DATE 2022-01-04T09:48:45.956
dn: cn=dcm4chee-archive-ui, ou=schema
objectclass: metaSchema
objectclass: top
cn: dcm4chee-archive-ui
m-dependencies: system
m-dependencies: dcm4chee-archive
m-dependencies: dicom

#!RESULT OK
#!CONNECTION ldap://localhost:10389
#!DATE 2022-01-04T09:48:45.956
dn: ou=attributetypes, cn=dcm4chee-archive-ui, ou=schema
objectclass: organizationalUnit
objectclass: top
ou: attributetypes

#!RESULT OK
#!CONNECTION ldap://localhost:10389
#!DATE 2022-01-04T09:48:46.018
dn: m-oid=1.2.40.0.13.1.15.111.3.1, ou=attributetypes, cn=dcm4chee-archive-u
 i, ou=schema
objectclass: metaAttributeType
objectclass: metaTop
objectclass: top
m-oid: 1.2.40.0.13.1.15.111.3.1
m-name: dcmuiConfigName
m-description: UI Configuration Name
m-equality: caseExactMatch
m-substr: caseExactSubstringsMatch
m-syntax: 1.3.6.1.4.1.1466.115.121.1.15
m-singleValue: TRUE

#!RESULT OK
#!CONNECTION ldap://localhost:10389
#!DATE 2022-01-04T09:48:46.034
dn: m-oid=1.2.40.0.13.1.15.111.3.2, ou=attributetypes, cn=dcm4chee-archive-u
 i, ou=schema
objectclass: metaAttributeType
objectclass: metaTop
objectclass: top
m-oid: 1.2.40.0.13.1.15.111.3.2
m-name: dcmuiPermissionName
m-description: Name of Permission for UI Action
m-equality: caseExactMatch
m-substr: caseExactSubstringsMatch
m-syntax: 1.3.6.1.4.1.1466.115.121.1.15
m-singleValue: TRUE

#!RESULT OK
#!CONNECTION ldap://localhost:10389
#!DATE 2022-01-04T09:48:46.065
dn: m-oid=1.2.40.0.13.1.15.111.3.3, ou=attributetypes, cn=dcm4chee-archive-u
 i, ou=schema
objectclass: metaAttributeType
objectclass: metaTop
objectclass: top
m-oid: 1.2.40.0.13.1.15.111.3.3
m-name: dcmuiAction
m-description: UI Action
m-equality: caseExactIA5Match
m-syntax: 1.3.6.1.4.1.1466.115.121.1.26
m-singleValue: TRUE

#!RESULT OK
#!CONNECTION ldap://localhost:10389
#!DATE 2022-01-04T09:48:46.112
dn: m-oid=1.2.40.0.13.1.15.111.3.4, ou=attributetypes, cn=dcm4chee-archive-u
 i, ou=schema
objectclass: metaAttributeType
objectclass: metaTop
objectclass: top
m-oid: 1.2.40.0.13.1.15.111.3.4
m-name: dcmuiActionParam
m-description: UI Action Parameter
m-equality: caseExactMatch
m-substr: caseExactSubstringsMatch
m-syntax: 1.3.6.1.4.1.1466.115.121.1.15

#!RESULT OK
#!CONNECTION ldap://localhost:10389
#!DATE 2022-01-04T09:48:46.145
dn: m-oid=1.2.40.0.13.1.15.111.3.5, ou=attributetypes, cn=dcm4chee-archive-u
 i, ou=schema
objectclass: metaAttributeType
objectclass: metaTop
objectclass: top
m-oid: 1.2.40.0.13.1.15.111.3.5
m-name: dcmuiDiffConfigName
m-description: Name of UI Configuration for comparing studies in two archive
 s
m-equality: caseExactMatch
m-substr: caseExactSubstringsMatch
m-syntax: 1.3.6.1.4.1.1466.115.121.1.15
m-singleValue: TRUE

#!RESULT OK
#!CONNECTION ldap://localhost:10389
#!DATE 2022-01-04T09:48:46.159
dn: m-oid=1.2.40.0.13.1.15.111.3.6, ou=attributetypes, cn=dcm4chee-archive-u
 i, ou=schema
objectclass: metaAttributeType
objectclass: metaTop
objectclass: top
m-oid: 1.2.40.0.13.1.15.111.3.6
m-name: dcmuiDiffCallingAET
m-description: Calling AE Title used for comparing studies in two archives
m-equality: caseExactIA5Match
m-syntax: 1.3.6.1.4.1.1466.115.121.1.26
m-singleValue: TRUE

#!RESULT OK
#!CONNECTION ldap://localhost:10389
#!DATE 2022-01-04T09:48:46.206
dn: m-oid=1.2.40.0.13.1.15.111.3.7, ou=attributetypes, cn=dcm4chee-archive-u
 i, ou=schema
objectclass: metaAttributeType
objectclass: metaTop
objectclass: top
m-oid: 1.2.40.0.13.1.15.111.3.7
m-name: dcmuiDiffPrimaryCFindSCP
m-description: AE Title of primary C-FIND SCP for comparing studies in two a
 rchives
m-equality: caseExactIA5Match
m-syntax: 1.3.6.1.4.1.1466.115.121.1.26
m-singleValue: TRUE

#!RESULT OK
#!CONNECTION ldap://localhost:10389
#!DATE 2022-01-04T09:48:46.222
dn: m-oid=1.2.40.0.13.1.15.111.3.8, ou=attributetypes, cn=dcm4chee-archive-u
 i, ou=schema
objectclass: metaAttributeType
objectclass: metaTop
objectclass: top
m-oid: 1.2.40.0.13.1.15.111.3.8
m-name: dcmuiDiffPrimaryCMoveSCP
m-description: AE Title of primary C-MOVE SCP for comparing studies in two a
 rchives
m-equality: caseExactIA5Match
m-syntax: 1.3.6.1.4.1.1466.115.121.1.26
m-singleValue: TRUE

#!RESULT OK
#!CONNECTION ldap://localhost:10389
#!DATE 2022-01-04T09:48:46.253
dn: m-oid=1.2.40.0.13.1.15.111.3.9, ou=attributetypes, cn=dcm4chee-archive-u
 i, ou=schema
objectclass: metaAttributeType
objectclass: metaTop
objectclass: top
m-oid: 1.2.40.0.13.1.15.111.3.9
m-name: dcmuiDiffSecondaryCFindSCP
m-description: AE Title of secondary C-FIND SCP for comparing studies in two
  archives
m-equality: caseExactIA5Match
m-syntax: 1.3.6.1.4.1.1466.115.121.1.26
m-singleValue: TRUE

#!RESULT OK
#!CONNECTION ldap://localhost:10389
#!DATE 2022-01-04T09:48:46.284
dn: m-oid=1.2.40.0.13.1.15.111.3.10, ou=attributetypes, cn=dcm4chee-archive-
 ui, ou=schema
objectclass: metaAttributeType
objectclass: metaTop
objectclass: top
m-oid: 1.2.40.0.13.1.15.111.3.10
m-name: dcmuiDiffSecondaryCMoveSCP
m-description: AE Title of secondary C-MOVE SCP for comparing studies in two
  archives
m-equality: caseExactIA5Match
m-syntax: 1.3.6.1.4.1.1466.115.121.1.26
m-singleValue: TRUE

#!RESULT OK
#!CONNECTION ldap://localhost:10389
#!DATE 2022-01-04T09:48:46.300
dn: m-oid=1.2.40.0.13.1.15.111.3.11, ou=attributetypes, cn=dcm4chee-archive-
 ui, ou=schema
objectclass: metaAttributeType
objectclass: metaTop
objectclass: top
m-oid: 1.2.40.0.13.1.15.111.3.11
m-name: dcmuiDiffCriteriaTitle
m-description: Attribute Set Title
m-equality: caseExactMatch
m-substr: caseExactSubstringsMatch
m-syntax: 1.3.6.1.4.1.1466.115.121.1.15
m-singleValue: TRUE

#!RESULT OK
#!CONNECTION ldap://localhost:10389
#!DATE 2022-01-04T09:48:46.331
dn: m-oid=1.2.40.0.13.1.15.111.3.12, ou=attributetypes, cn=dcm4chee-archive-
 ui, ou=schema
objectclass: metaAttributeType
objectclass: metaTop
objectclass: top
m-oid: 1.2.40.0.13.1.15.111.3.12
m-name: dcmuiDiffCriteriaNumber
m-description: Attribute Set Number used to order Attribute Sets.
m-equality: integerMatch
m-syntax: 1.3.6.1.4.1.1466.115.121.1.27
m-singleValue: TRUE

#!RESULT OK
#!CONNECTION ldap://localhost:10389
#!DATE 2022-01-04T09:48:46.347
dn: m-oid=1.2.40.0.13.1.15.111.3.13, ou=attributetypes, cn=dcm4chee-archive-
 ui, ou=schema
objectclass: metaAttributeType
objectclass: metaTop
objectclass: top
m-oid: 1.2.40.0.13.1.15.111.3.13
m-name: dcmuiDiffIncludeMissing
m-description: Indicate if missing Studies shall be included
m-equality: booleanMatch
m-syntax: 1.3.6.1.4.1.1466.115.121.1.7
m-singleValue: TRUE

#!RESULT OK
#!CONNECTION ldap://localhost:10389
#!DATE 2022-01-04T09:48:46.378
dn: m-oid=1.2.40.0.13.1.15.111.3.14, ou=attributetypes, cn=dcm4chee-archive-
 ui, ou=schema
objectclass: metaAttributeType
objectclass: metaTop
objectclass: top
m-oid: 1.2.40.0.13.1.15.111.3.14
m-name: dcmuiDiffAction
m-description: UI Diff Action
m-equality: caseExactIA5Match
m-syntax: 1.3.6.1.4.1.1466.115.121.1.26

#!RESULT OK
#!CONNECTION ldap://localhost:10389
#!DATE 2022-01-04T09:48:46.431
dn: m-oid=1.2.40.0.13.1.15.111.3.15, ou=attributetypes, cn=dcm4chee-archive-
 ui, ou=schema
objectclass: metaAttributeType
objectclass: metaTop
objectclass: top
m-oid: 1.2.40.0.13.1.15.111.3.15
m-name: dcmuiDiffGroupButton
m-description: UI Diff Group Button
m-equality: caseExactIA5Match
m-syntax: 1.3.6.1.4.1.1466.115.121.1.26

#!RESULT OK
#!CONNECTION ldap://localhost:10389
#!DATE 2022-01-04T09:48:46.456
dn: m-oid=1.2.40.0.13.1.15.111.3.16, ou=attributetypes, cn=dcm4chee-archive-
 ui, ou=schema
objectclass: metaAttributeType
objectclass: metaTop
objectclass: top
m-oid: 1.2.40.0.13.1.15.111.3.16
m-name: dcmuiDiffPrimaryCStoreSCP
m-description: AE Title of primary C-STORE SCP destination
m-equality: caseExactIA5Match
m-syntax: 1.3.6.1.4.1.1466.115.121.1.26
m-singleValue: TRUE

#!RESULT OK
#!CONNECTION ldap://localhost:10389
#!DATE 2022-01-04T09:48:46.487
dn: m-oid=1.2.40.0.13.1.15.111.3.17, ou=attributetypes, cn=dcm4chee-archive-
 ui, ou=schema
objectclass: metaAttributeType
objectclass: metaTop
objectclass: top
m-oid: 1.2.40.0.13.1.15.111.3.17
m-name: dcmuiDiffSecondaryCStoreSCP
m-description: AE Title of secondary C-STORE SCP destination
m-equality: caseExactIA5Match
m-syntax: 1.3.6.1.4.1.1466.115.121.1.26
m-singleValue: TRUE

#!RESULT OK
#!CONNECTION ldap://localhost:10389
#!DATE 2022-01-04T09:48:46.503
dn: m-oid=1.2.40.0.13.1.15.111.3.18, ou=attributetypes, cn=dcm4chee-archive-
 ui, ou=schema
objectclass: metaAttributeType
objectclass: metaTop
objectclass: top
m-oid: 1.2.40.0.13.1.15.111.3.18
m-name: dcmuiDashboardConfigName
m-description: UI Dashboard Configuration Name
m-equality: caseExactIA5Match
m-syntax: 1.3.6.1.4.1.1466.115.121.1.26
m-singleValue: TRUE

#!RESULT OK
#!CONNECTION ldap://localhost:10389
#!DATE 2022-01-04T09:48:46.534
dn: m-oid=1.2.40.0.13.1.15.111.3.19, ou=attributetypes, cn=dcm4chee-archive-
 ui, ou=schema
objectclass: metaAttributeType
objectclass: metaTop
objectclass: top
m-oid: 1.2.40.0.13.1.15.111.3.19
m-name: dcmuiQueueName
m-description: Queue Names for UI Dashboard Configuration
m-equality: caseExactIA5Match
m-syntax: 1.3.6.1.4.1.1466.115.121.1.26

#!RESULT OK
#!CONNECTION ldap://localhost:10389
#!DATE 2022-01-04T09:48:46.565
dn: m-oid=1.2.40.0.13.1.15.111.3.44, ou=attributetypes, cn=dcm4chee-archive-
 ui, ou=schema
objectclass: metaAttributeType
objectclass: metaTop
objectclass: top
m-oid: 1.2.40.0.13.1.15.111.3.44
m-name: dcmuiExportName
m-description: Export for UI Dashboard Configuration
m-equality: caseExactIA5Match
m-syntax: 1.3.6.1.4.1.1466.115.121.1.26

#!RESULT OK
#!CONNECTION ldap://localhost:10389
#!DATE 2022-01-04T09:48:46.581
dn: m-oid=1.2.40.0.13.1.15.111.3.20, ou=attributetypes, cn=dcm4chee-archive-
 ui, ou=schema
objectclass: metaAttributeType
objectclass: metaTop
objectclass: top
m-oid: 1.2.40.0.13.1.15.111.3.20
m-name: dicomuiDeviceName
m-description: Device Names for UI Dashboard Configuration
m-equality: caseExactIA5Match
m-syntax: 1.3.6.1.4.1.1466.115.121.1.26

#!RESULT OK
#!CONNECTION ldap://localhost:10389
#!DATE 2022-01-04T09:48:46.612
dn: m-oid=1.2.40.0.13.1.15.111.3.21, ou=attributetypes, cn=dcm4chee-archive-
 ui, ou=schema
objectclass: metaAttributeType
objectclass: metaTop
objectclass: top
m-oid: 1.2.40.0.13.1.15.111.3.21
m-name: dicomuiIgnoreParams
m-description: Device Names for UI Dashboard Configuration
m-equality: caseExactIA5Match
m-syntax: 1.3.6.1.4.1.1466.115.121.1.26

#!RESULT OK
#!CONNECTION ldap://localhost:10389
#!DATE 2022-01-04T09:48:46.646
dn: m-oid=1.2.40.0.13.1.15.111.3.22, ou=attributetypes, cn=dcm4chee-archive-
 ui, ou=schema
objectclass: metaAttributeType
objectclass: metaTop
objectclass: top
m-oid: 1.2.40.0.13.1.15.111.3.22
m-name: dcmuiCountWebApp
m-description: UI Dashboard Count Web App
m-equality: caseExactIA5Match
m-syntax: 1.3.6.1.4.1.1466.115.121.1.26
m-singleValue: TRUE

#!RESULT OK
#!CONNECTION ldap://localhost:10389
#!DATE 2022-01-04T09:48:46.707
dn: m-oid=1.2.40.0.13.1.15.111.3.23, ou=attributetypes, cn=dcm4chee-archive-
 ui, ou=schema
objectclass: metaAttributeType
objectclass: metaTop
objectclass: top
m-oid: 1.2.40.0.13.1.15.111.3.23
m-name: dcmuiElasticsearchConfigName
m-description: Name of Elasticsearch UI Configuration
m-equality: caseExactMatch
m-syntax: 1.3.6.1.4.1.1466.115.121.1.15
m-singleValue: TRUE

#!RESULT OK
#!CONNECTION ldap://localhost:10389
#!DATE 2022-01-04T09:48:46.722
dn: m-oid=1.2.40.0.13.1.15.111.3.24, ou=attributetypes, cn=dcm4chee-archive-
 ui, ou=schema
objectclass: metaAttributeType
objectclass: metaTop
objectclass: top
m-oid: 1.2.40.0.13.1.15.111.3.24
m-name: dcmuiElasticsearchURLName
m-description: Elasticsearch URL Name
m-equality: caseExactMatch
m-syntax: 1.3.6.1.4.1.1466.115.121.1.15
m-singleValue: TRUE

#!RESULT OK
#!CONNECTION ldap://localhost:10389
#!DATE 2022-01-04T09:48:46.753
dn: m-oid=1.2.40.0.13.1.15.111.3.25, ou=attributetypes, cn=dcm4chee-archive-
 ui, ou=schema
objectclass: metaAttributeType
objectclass: metaTop
objectclass: top
m-oid: 1.2.40.0.13.1.15.111.3.25
m-name: dcmuiElasticsearchWebApp
m-description: Elasticsearch Web App
m-equality: caseExactMatch
m-syntax: 1.3.6.1.4.1.1466.115.121.1.15
m-singleValue: TRUE

#!RESULT OK
#!CONNECTION ldap://localhost:10389
#!DATE 2022-01-04T09:48:46.768
dn: m-oid=1.2.40.0.13.1.15.111.3.26, ou=attributetypes, cn=dcm4chee-archive-
 ui, ou=schema
objectclass: metaAttributeType
objectclass: metaTop
objectclass: top
m-oid: 1.2.40.0.13.1.15.111.3.26
m-name: dcmuiElasticsearchIsDefault
m-description: Indicates if the URL is the default one
m-equality: booleanMatch
m-syntax: 1.3.6.1.4.1.1466.115.121.1.7
m-singleValue: TRUE

#!RESULT OK
#!CONNECTION ldap://localhost:10389
#!DATE 2022-01-04T09:48:46.800
dn: m-oid=1.2.40.0.13.1.15.111.3.27, ou=attributetypes, cn=dcm4chee-archive-
 ui, ou=schema
objectclass: metaAttributeType
objectclass: metaTop
objectclass: top
m-oid: 1.2.40.0.13.1.15.111.3.27
m-name: dcmuiElasticsearchInstalled
m-description: Indicates if the URL is installed
m-equality: booleanMatch
m-syntax: 1.3.6.1.4.1.1466.115.121.1.7
m-singleValue: TRUE

#!RESULT OK
#!CONNECTION ldap://localhost:10389
#!DATE 2022-01-04T09:48:46.831
dn: m-oid=1.2.40.0.13.1.15.111.3.28, ou=attributetypes, cn=dcm4chee-archive-
 ui, ou=schema
objectclass: metaAttributeType
objectclass: metaTop
objectclass: top
m-oid: 1.2.40.0.13.1.15.111.3.28
m-name: dcmuiDeviceURLName
m-description: UI Device URL Name
m-equality: caseExactMatch
m-syntax: 1.3.6.1.4.1.1466.115.121.1.15
m-singleValue: TRUE

#!RESULT OK
#!CONNECTION ldap://localhost:10389
#!DATE 2022-01-04T09:48:46.862
dn: m-oid=1.2.40.0.13.1.15.111.3.29, ou=attributetypes, cn=dcm4chee-archive-
 ui, ou=schema
objectclass: metaAttributeType
objectclass: metaTop
objectclass: top
m-oid: 1.2.40.0.13.1.15.111.3.29
m-name: dcmuiDeviceURL
m-description: UI Device URL
m-equality: caseExactMatch
m-syntax: 1.3.6.1.4.1.1466.115.121.1.15
m-singleValue: TRUE

#!RESULT OK
#!CONNECTION ldap://localhost:10389
#!DATE 2022-01-04T09:48:46.893
dn: m-oid=1.2.40.0.13.1.15.111.3.30, ou=attributetypes, cn=dcm4chee-archive-
 ui, ou=schema
objectclass: metaAttributeType
objectclass: metaTop
objectclass: top
m-oid: 1.2.40.0.13.1.15.111.3.30
m-name: dcmuiDeviceURLDescription
m-description: UI Device URL Description
m-equality: caseExactMatch
m-syntax: 1.3.6.1.4.1.1466.115.121.1.15
m-singleValue: TRUE

#!RESULT OK
#!CONNECTION ldap://localhost:10389
#!DATE 2022-01-04T09:48:46.925
dn: m-oid=1.2.40.0.13.1.15.111.3.31, ou=attributetypes, cn=dcm4chee-archive-
 ui, ou=schema
objectclass: metaAttributeType
objectclass: metaTop
objectclass: top
m-oid: 1.2.40.0.13.1.15.111.3.31
m-name: dcmuiDeviceURLInstalled
m-description: Indicates if the Device URL is installed
m-equality: booleanMatch
m-syntax: 1.3.6.1.4.1.1466.115.121.1.7
m-singleValue: TRUE

#!RESULT OK
#!CONNECTION ldap://localhost:10389
#!DATE 2022-01-04T09:48:46.956
dn: m-oid=1.2.40.0.13.1.15.111.3.32, ou=attributetypes, cn=dcm4chee-archive-
 ui, ou=schema
objectclass: metaAttributeType
objectclass: metaTop
objectclass: top
m-oid: 1.2.40.0.13.1.15.111.3.32
m-name: dcmuiDeviceClusterName
m-description: Cluster Name
m-equality: caseExactMatch
m-syntax: 1.3.6.1.4.1.1466.115.121.1.15
m-singleValue: TRUE

#!RESULT OK
#!CONNECTION ldap://localhost:10389
#!DATE 2022-01-04T09:48:46.987
dn: m-oid=1.2.40.0.13.1.15.111.3.33, ou=attributetypes, cn=dcm4chee-archive-
 ui, ou=schema
objectclass: metaAttributeType
objectclass: metaTop
objectclass: top
m-oid: 1.2.40.0.13.1.15.111.3.33
m-name: dcmuiDeviceClusterDescription
m-description: Cluster Description
m-equality: caseExactMatch
m-syntax: 1.3.6.1.4.1.1466.115.121.1.15
m-singleValue: TRUE

#!RESULT OK
#!CONNECTION ldap://localhost:10389
#!DATE 2022-01-04T09:48:47.019
dn: m-oid=1.2.40.0.13.1.15.111.3.34, ou=attributetypes, cn=dcm4chee-archive-
 ui, ou=schema
objectclass: metaAttributeType
objectclass: metaTop
objectclass: top
m-oid: 1.2.40.0.13.1.15.111.3.34
m-name: dcmuiClusterWebApp
m-description: Cluster Web App
m-equality: caseExactMatch
m-syntax: 1.3.6.1.4.1.1466.115.121.1.15
m-singleValue: TRUE

#!RESULT OK
#!CONNECTION ldap://localhost:10389
#!DATE 2022-01-04T09:48:47.050
dn: m-oid=1.2.40.0.13.1.15.111.3.35, ou=attributetypes, cn=dcm4chee-archive-
 ui, ou=schema
objectclass: metaAttributeType
objectclass: metaTop
objectclass: top
m-oid: 1.2.40.0.13.1.15.111.3.35
m-name: dcmuiDeviceClusterDevices
m-description: Devices in Cluster
m-equality: caseExactMatch
m-substr: caseExactSubstringsMatch
m-syntax: 1.3.6.1.4.1.1466.115.121.1.15

#!RESULT OK
#!CONNECTION ldap://localhost:10389
#!DATE 2022-01-04T09:48:47.065
dn: m-oid=1.2.40.0.13.1.15.111.3.36, ou=attributetypes, cn=dcm4chee-archive-
 ui, ou=schema
objectclass: metaAttributeType
objectclass: metaTop
objectclass: top
m-oid: 1.2.40.0.13.1.15.111.3.36
m-name: dcmuiDeviceClusterInstalled
m-description: Indicates if the Cluster is installed
m-equality: booleanMatch
m-syntax: 1.3.6.1.4.1.1466.115.121.1.7
m-singleValue: TRUE

#!RESULT OK
#!CONNECTION ldap://localhost:10389
#!DATE 2022-01-04T09:48:47.081
dn: m-oid=1.2.40.0.13.1.15.111.3.37, ou=attributetypes, cn=dcm4chee-archive-
 ui, ou=schema
objectclass: metaAttributeType
objectclass: metaTop
objectclass: top
m-oid: 1.2.40.0.13.1.15.111.3.37
m-name: dcmuiCompareSideName
m-description: Compare Side Name
m-equality: caseExactMatch
m-syntax: 1.3.6.1.4.1.1466.115.121.1.15
m-singleValue: TRUE

#!RESULT OK
#!CONNECTION ldap://localhost:10389
#!DATE 2022-01-04T09:48:47.112
dn: m-oid=1.2.40.0.13.1.15.111.3.38, ou=attributetypes, cn=dcm4chee-archive-
 ui, ou=schema
objectclass: metaAttributeType
objectclass: metaTop
objectclass: top
m-oid: 1.2.40.0.13.1.15.111.3.38
m-name: dcmuiCompareSideDescription
m-description: Compare Side Description
m-equality: caseExactMatch
m-syntax: 1.3.6.1.4.1.1466.115.121.1.15
m-singleValue: TRUE

#!RESULT OK
#!CONNECTION ldap://localhost:10389
#!DATE 2022-01-04T09:48:47.128
dn: m-oid=1.2.40.0.13.1.15.111.3.76, ou=attributetypes, cn=dcm4chee-archive-
 ui, ou=schema
objectclass: metaAttributeType
objectclass: metaTop
objectclass: top
m-oid: 1.2.40.0.13.1.15.111.3.76
m-name: dcmuiCompareSideOrder
m-description: Compare Side Order
m-equality: caseExactMatch
m-substr: caseExactSubstringsMatch
m-syntax: 1.3.6.1.4.1.1466.115.121.1.15

#!RESULT OK
#!CONNECTION ldap://localhost:10389
#!DATE 2022-01-04T09:48:47.159
dn: m-oid=1.2.40.0.13.1.15.111.3.43, ou=attributetypes, cn=dcm4chee-archive-
 ui, ou=schema
objectclass: metaAttributeType
objectclass: metaTop
objectclass: top
m-oid: 1.2.40.0.13.1.15.111.3.43
m-name: dcmuiCompareSideQueueName
m-description: Queue Name
m-equality: caseExactMatch
m-syntax: 1.3.6.1.4.1.1466.115.121.1.15
m-singleValue: TRUE

#!RESULT OK
#!CONNECTION ldap://localhost:10389
#!DATE 2022-01-04T09:48:47.175
dn: m-oid=1.2.40.0.13.1.15.111.3.39, ou=attributetypes, cn=dcm4chee-archive-
 ui, ou=schema
objectclass: metaAttributeType
objectclass: metaTop
objectclass: top
m-oid: 1.2.40.0.13.1.15.111.3.39
m-name: dcmuiCompareSideCluster
m-description: Compare Side Cluster
m-equality: caseExactMatch
m-syntax: 1.3.6.1.4.1.1466.115.121.1.15
m-singleValue: TRUE

#!RESULT OK
#!CONNECTION ldap://localhost:10389
#!DATE 2022-01-04T09:48:47.206
dn: m-oid=1.2.40.0.13.1.15.111.3.40, ou=attributetypes, cn=dcm4chee-archive-
 ui, ou=schema
objectclass: metaAttributeType
objectclass: metaTop
objectclass: top
m-oid: 1.2.40.0.13.1.15.111.3.40
m-name: dcmuiCompareSideElasticsearch
m-description: Compare Side Elasticsearch
m-equality: caseExactMatch
m-syntax: 1.3.6.1.4.1.1466.115.121.1.15
m-singleValue: TRUE

#!RESULT OK
#!CONNECTION ldap://localhost:10389
#!DATE 2022-01-04T09:48:47.222
dn: m-oid=1.2.40.0.13.1.15.111.3.41, ou=attributetypes, cn=dcm4chee-archive-
 ui, ou=schema
objectclass: metaAttributeType
objectclass: metaTop
objectclass: top
m-oid: 1.2.40.0.13.1.15.111.3.41
m-name: dcmuiCompareSideInstalled
m-description: Indicates if the Compare Side is installed
m-equality: booleanMatch
m-syntax: 1.3.6.1.4.1.1466.115.121.1.7
m-singleValue: TRUE

#!RESULT OK
#!CONNECTION ldap://localhost:10389
#!DATE 2022-01-04T09:48:47.253
dn: m-oid=1.2.40.0.13.1.15.111.3.45, ou=attributetypes, cn=dcm4chee-archive-
 ui, ou=schema
objectclass: metaAttributeType
objectclass: metaTop
objectclass: top
m-oid: 1.2.40.0.13.1.15.111.3.45
m-name: dcmuiFilterTemplateGroupName
m-description: Filter group name
m-equality: caseExactMatch
m-syntax: 1.3.6.1.4.1.1466.115.121.1.15
m-singleValue: TRUE

#!RESULT OK
#!CONNECTION ldap://localhost:10389
#!DATE 2022-01-04T09:48:47.268
dn: m-oid=1.2.40.0.13.1.15.111.3.46, ou=attributetypes, cn=dcm4chee-archive-
 ui, ou=schema
objectclass: metaAttributeType
objectclass: metaTop
objectclass: top
m-oid: 1.2.40.0.13.1.15.111.3.46
m-name: dcmuiFilterTemplateID
m-description: Filter group Id
m-equality: caseExactMatch
m-syntax: 1.3.6.1.4.1.1466.115.121.1.15
m-singleValue: TRUE

#!RESULT OK
#!CONNECTION ldap://localhost:10389
#!DATE 2022-01-04T09:48:47.284
dn: m-oid=1.2.40.0.13.1.15.111.3.47, ou=attributetypes, cn=dcm4chee-archive-
 ui, ou=schema
objectclass: metaAttributeType
objectclass: metaTop
objectclass: top
m-oid: 1.2.40.0.13.1.15.111.3.47
m-name: dcmuiFilterTemplateDescription
m-description: Filter group description
m-equality: caseExactMatch
m-syntax: 1.3.6.1.4.1.1466.115.121.1.15
m-singleValue: TRUE

#!RESULT OK
#!CONNECTION ldap://localhost:10389
#!DATE 2022-01-04T09:48:47.315
dn: m-oid=1.2.40.0.13.1.15.111.3.48, ou=attributetypes, cn=dcm4chee-archive-
 ui, ou=schema
objectclass: metaAttributeType
objectclass: metaTop
objectclass: top
m-oid: 1.2.40.0.13.1.15.111.3.48
m-name: dcmuiFilterTemplateFilters
m-description: Filters key=value
m-equality: caseExactIA5Match
m-syntax: 1.3.6.1.4.1.1466.115.121.1.26

#!RESULT OK
#!CONNECTION ldap://localhost:10389
#!DATE 2022-01-04T09:48:47.331
dn: m-oid=1.2.40.0.13.1.15.111.3.49, ou=attributetypes, cn=dcm4chee-archive-
 ui, ou=schema
objectclass: metaAttributeType
objectclass: metaTop
objectclass: top
m-oid: 1.2.40.0.13.1.15.111.3.49
m-name: dcmuiFilterTemplateDefault
m-description: Indicates if the template is used as default
m-equality: booleanMatch
m-syntax: 1.3.6.1.4.1.1466.115.121.1.7
m-singleValue: TRUE

#!RESULT OK
#!CONNECTION ldap://localhost:10389
#!DATE 2022-01-04T09:48:47.362
dn: m-oid=1.2.40.0.13.1.15.111.3.50, ou=attributetypes, cn=dcm4chee-archive-
 ui, ou=schema
objectclass: metaAttributeType
objectclass: metaTop
objectclass: top
m-oid: 1.2.40.0.13.1.15.111.3.50
m-name: dcmuiFilterTemplateUsername
m-description: Username of the user that can use this template
m-equality: caseExactMatch
m-syntax: 1.3.6.1.4.1.1466.115.121.1.15
m-singleValue: TRUE

#!RESULT OK
#!CONNECTION ldap://localhost:10389
#!DATE 2022-01-04T09:48:47.409
dn: m-oid=1.2.40.0.13.1.15.111.3.51, ou=attributetypes, cn=dcm4chee-archive-
 ui, ou=schema
objectclass: metaAttributeType
objectclass: metaTop
objectclass: top
m-oid: 1.2.40.0.13.1.15.111.3.51
m-name: dcmuiFilterTemplateRole
m-description: Role of the user that can use this template
m-equality: caseExactMatch
m-syntax: 1.3.6.1.4.1.1466.115.121.1.15
m-singleValue: TRUE

#!RESULT OK
#!CONNECTION ldap://localhost:10389
#!DATE 2022-01-04T09:48:47.425
dn: m-oid=1.2.40.0.13.1.15.111.3.53, ou=attributetypes, cn=dcm4chee-archive-
 ui, ou=schema
objectclass: metaAttributeType
objectclass: metaTop
objectclass: top
m-oid: 1.2.40.0.13.1.15.111.3.53
m-name: dcmuiAetListName
m-description: Aet List Name
m-equality: caseExactMatch
m-syntax: 1.3.6.1.4.1.1466.115.121.1.15
m-singleValue: TRUE

#!RESULT OK
#!CONNECTION ldap://localhost:10389
#!DATE 2022-01-04T09:48:47.487
dn: m-oid=1.2.40.0.13.1.15.111.3.54, ou=attributetypes, cn=dcm4chee-archive-
 ui, ou=schema
objectclass: metaAttributeType
objectclass: metaTop
objectclass: top
m-oid: 1.2.40.0.13.1.15.111.3.54
m-name: dcmuiAetListDescription
m-description: Aet List Description
m-equality: caseExactMatch
m-syntax: 1.3.6.1.4.1.1466.115.121.1.15
m-singleValue: TRUE

#!RESULT OK
#!CONNECTION ldap://localhost:10389
#!DATE 2022-01-04T09:48:47.518
dn: m-oid=1.2.40.0.13.1.15.111.3.55, ou=attributetypes, cn=dcm4chee-archive-
 ui, ou=schema
objectclass: metaAttributeType
objectclass: metaTop
objectclass: top
m-oid: 1.2.40.0.13.1.15.111.3.55
m-name: dcmuiMode
m-description: Aet List Mode internal or external
m-equality: caseExactMatch
m-syntax: 1.3.6.1.4.1.1466.115.121.1.15
m-singleValue: TRUE

#!RESULT OK
#!CONNECTION ldap://localhost:10389
#!DATE 2022-01-04T09:48:47.550
dn: m-oid=1.2.40.0.13.1.15.111.3.56, ou=attributetypes, cn=dcm4chee-archive-
 ui, ou=schema
objectclass: metaAttributeType
objectclass: metaTop
objectclass: top
m-oid: 1.2.40.0.13.1.15.111.3.56
m-name: dcmuiAets
m-description: Aet Selected List
m-equality: caseExactIA5Match
m-syntax: 1.3.6.1.4.1.1466.115.121.1.26

#!RESULT OK
#!CONNECTION ldap://localhost:10389
#!DATE 2022-01-04T09:48:47.597
dn: m-oid=1.2.40.0.13.1.15.111.3.57, ou=attributetypes, cn=dcm4chee-archive-
 ui, ou=schema
objectclass: metaAttributeType
objectclass: metaTop
objectclass: top
m-oid: 1.2.40.0.13.1.15.111.3.57
m-name: dicomuiDockerContainer
m-description: Names of the archive docker containers used in the hardware p
 age
m-equality: caseExactIA5Match
m-syntax: 1.3.6.1.4.1.1466.115.121.1.26

#!RESULT OK
#!CONNECTION ldap://localhost:10389
#!DATE 2022-01-04T09:48:47.612
dn: m-oid=1.2.40.0.13.1.15.111.3.58, ou=attributetypes, cn=dcm4chee-archive-
 ui, ou=schema
objectclass: metaAttributeType
objectclass: metaTop
objectclass: top
m-oid: 1.2.40.0.13.1.15.111.3.58
m-name: dcmuiShowStarBlock
m-description: Show Star Block - tasks without defined deviceName
m-equality: booleanMatch
m-syntax: 1.3.6.1.4.1.1466.115.121.1.7
m-singleValue: TRUE

#!RESULT OK
#!CONNECTION ldap://localhost:10389
#!DATE 2022-01-04T09:48:47.628
dn: m-oid=1.2.40.0.13.1.15.111.3.59, ou=attributetypes, cn=dcm4chee-archive-
 ui, ou=schema
objectclass: metaAttributeType
objectclass: metaTop
objectclass: top
m-oid: 1.2.40.0.13.1.15.111.3.59
m-name: dcmuiModalities
m-description: UI Modalities
m-equality: caseExactMatch
m-substr: caseExactSubstringsMatch
m-syntax: 1.3.6.1.4.1.1466.115.121.1.15

#!RESULT OK
#!CONNECTION ldap://localhost:10389
#!DATE 2022-01-04T09:48:47.659
dn: m-oid=1.2.40.0.13.1.15.111.3.60, ou=attributetypes, cn=dcm4chee-archive-
 ui, ou=schema
objectclass: metaAttributeType
objectclass: metaTop
objectclass: top
m-oid: 1.2.40.0.13.1.15.111.3.60
m-name: dcmuiWidgetAets
m-description: Widget AETs
m-equality: caseExactMatch
m-substr: caseExactSubstringsMatch
m-syntax: 1.3.6.1.4.1.1466.115.121.1.15

#!RESULT OK
#!CONNECTION ldap://localhost:10389
#!DATE 2022-01-04T09:48:47.675
dn: m-oid=1.2.40.0.13.1.15.111.3.61, ou=attributetypes, cn=dcm4chee-archive-
 ui, ou=schema
objectclass: metaAttributeType
objectclass: metaTop
objectclass: top
m-oid: 1.2.40.0.13.1.15.111.3.61
m-name: dcmuiAuditEnterpriseSiteID
m-description: Audit Enterprise SiteID
m-equality: caseExactMatch
m-syntax: 1.3.6.1.4.1.1466.115.121.1.15
m-singleValue: TRUE

#!RESULT OK
#!CONNECTION ldap://localhost:10389
#!DATE 2022-01-04T09:48:47.690
dn: m-oid=1.2.40.0.13.1.15.111.3.62, ou=attributetypes, cn=dcm4chee-archive-
 ui, ou=schema
objectclass: metaAttributeType
objectclass: metaTop
objectclass: top
m-oid: 1.2.40.0.13.1.15.111.3.62
m-name: dcmuiDefaultWidgetAets
m-description: Default Widget AETs
m-equality: caseExactMatch
m-substr: caseExactSubstringsMatch
m-syntax: 1.3.6.1.4.1.1466.115.121.1.15

#!RESULT OK
#!CONNECTION ldap://localhost:10389
#!DATE 2022-01-04T09:48:47.722
dn: m-oid=1.2.40.0.13.1.15.111.3.63, ou=attributetypes, cn=dcm4chee-archive-
 ui, ou=schema
objectclass: metaAttributeType
objectclass: metaTop
objectclass: top
m-oid: 1.2.40.0.13.1.15.111.3.63
m-name: dcmuiXDSInterfaceURL
m-description: XDS Interface URL
m-equality: caseExactMatch
m-syntax: 1.3.6.1.4.1.1466.115.121.1.15
m-singleValue: TRUE

#!RESULT OK
#!CONNECTION ldap://localhost:10389
#!DATE 2022-01-04T09:48:47.753
dn: m-oid=1.2.40.0.13.1.15.111.3.64, ou=attributetypes, cn=dcm4chee-archive-
 ui, ou=schema
objectclass: metaAttributeType
objectclass: metaTop
objectclass: top
m-oid: 1.2.40.0.13.1.15.111.3.64
m-name: dcmuiWebAppListName
m-description: Web Apps List Name
m-equality: caseExactMatch
m-syntax: 1.3.6.1.4.1.1466.115.121.1.15
m-singleValue: TRUE

#!RESULT OK
#!CONNECTION ldap://localhost:10389
#!DATE 2022-01-04T09:48:47.784
dn: m-oid=1.2.40.0.13.1.15.111.3.65, ou=attributetypes, cn=dcm4chee-archive-
 ui, ou=schema
objectclass: metaAttributeType
objectclass: metaTop
objectclass: top
m-oid: 1.2.40.0.13.1.15.111.3.65
m-name: dcmuiWebAppListDescription
m-description: WebApp List Description
m-equality: caseExactMatch
m-syntax: 1.3.6.1.4.1.1466.115.121.1.15
m-singleValue: TRUE

#!RESULT OK
#!CONNECTION ldap://localhost:10389
#!DATE 2022-01-04T09:48:47.800
dn: m-oid=1.2.40.0.13.1.15.111.3.66, ou=attributetypes, cn=dcm4chee-archive-
 ui, ou=schema
objectclass: metaAttributeType
objectclass: metaTop
objectclass: top
m-oid: 1.2.40.0.13.1.15.111.3.66
m-name: dcmuiWebApps
m-description: Web App Selected List
m-equality: caseExactIA5Match
m-syntax: 1.3.6.1.4.1.1466.115.121.1.26

#!RESULT OK
#!CONNECTION ldap://localhost:10389
#!DATE 2022-01-04T09:48:47.815
dn: m-oid=1.2.40.0.13.1.15.111.3.67, ou=attributetypes, cn=dcm4chee-archive-
 ui, ou=schema
objectclass: metaAttributeType
objectclass: metaTop
objectclass: top
m-oid: 1.2.40.0.13.1.15.111.3.67
m-name: dcmAcceptedUserName
m-description: Accpeted Username
m-equality: caseExactIA5Match
m-syntax: 1.3.6.1.4.1.1466.115.121.1.26

#!RESULT OK
#!CONNECTION ldap://localhost:10389
#!DATE 2022-01-04T09:48:47.847
dn: m-oid=1.2.40.0.13.1.15.111.3.68, ou=attributetypes, cn=dcm4chee-archive-
 ui, ou=schema
objectclass: metaAttributeType
objectclass: metaTop
objectclass: top
m-oid: 1.2.40.0.13.1.15.111.3.68
m-name: dcmLanguages
m-description: Available languages
m-equality: caseExactMatch
m-substr: caseExactSubstringsMatch
m-syntax: 1.3.6.1.4.1.1466.115.121.1.15

#!RESULT OK
#!CONNECTION ldap://localhost:10389
#!DATE 2022-01-04T09:48:47.862
dn: m-oid=1.2.40.0.13.1.15.111.3.69, ou=attributetypes, cn=dcm4chee-archive-
 ui, ou=schema
objectclass: metaAttributeType
objectclass: metaTop
objectclass: top
m-oid: 1.2.40.0.13.1.15.111.3.69
m-name: dcmDefaultLanguage
m-description: Default Language
m-equality: caseExactMatch
m-syntax: 1.3.6.1.4.1.1466.115.121.1.15
m-singleValue: TRUE

#!RESULT OK
#!CONNECTION ldap://localhost:10389
#!DATE 2022-01-04T09:48:47.878
dn: m-oid=1.2.40.0.13.1.15.111.3.70, ou=attributetypes, cn=dcm4chee-archive-
 ui, ou=schema
objectclass: metaAttributeType
objectclass: metaTop
objectclass: top
m-oid: 1.2.40.0.13.1.15.111.3.70
m-name: dcmuiLanguageConfigName
m-description: Language Config Name
m-equality: caseExactMatch
m-syntax: 1.3.6.1.4.1.1466.115.121.1.15
m-singleValue: TRUE

#!RESULT OK
#!CONNECTION ldap://localhost:10389
#!DATE 2022-01-04T09:48:47.909
dn: m-oid=1.2.40.0.13.1.15.111.3.71, ou=attributetypes, cn=dcm4chee-archive-
 ui, ou=schema
objectclass: metaAttributeType
objectclass: metaTop
objectclass: top
m-oid: 1.2.40.0.13.1.15.111.3.71
m-name: dcmuiLanguageProfileName
m-description: Language Profile Name
m-equality: caseExactMatch
m-syntax: 1.3.6.1.4.1.1466.115.121.1.15
m-singleValue: TRUE

#!RESULT OK
#!CONNECTION ldap://localhost:10389
#!DATE 2022-01-04T09:48:47.925
dn: m-oid=1.2.40.0.13.1.15.111.3.72, ou=attributetypes, cn=dcm4chee-archive-
 ui, ou=schema
objectclass: metaAttributeType
objectclass: metaTop
objectclass: top
m-oid: 1.2.40.0.13.1.15.111.3.72
m-name: dcmuiLanguageProfileRole
m-description: Profile Role
m-equality: caseExactIA5Match
m-syntax: 1.3.6.1.4.1.1466.115.121.1.26

#!RESULT OK
#!CONNECTION ldap://localhost:10389
#!DATE 2022-01-04T09:48:47.956
dn: m-oid=1.2.40.0.13.1.15.111.3.73, ou=attributetypes, cn=dcm4chee-archive-
 ui, ou=schema
objectclass: metaAttributeType
objectclass: metaTop
objectclass: top
m-oid: 1.2.40.0.13.1.15.111.3.73
m-name: dcmuiLanguageProfileUsername
m-description: Username for language profile
m-equality: caseExactMatch
m-syntax: 1.3.6.1.4.1.1466.115.121.1.15
m-singleValue: TRUE

#!RESULT OK
#!CONNECTION ldap://localhost:10389
#!DATE 2022-01-04T09:48:47.972
dn: m-oid=1.2.40.0.13.1.15.111.3.74, ou=attributetypes, cn=dcm4chee-archive-
 ui, ou=schema
objectclass: metaAttributeType
objectclass: metaTop
objectclass: top
m-oid: 1.2.40.0.13.1.15.111.3.74
m-name: dcmuiBackgroundURL
m-description: Background URL
m-equality: caseExactMatch
m-syntax: 1.3.6.1.4.1.1466.115.121.1.15
m-singleValue: TRUE

#!RESULT OK
#!CONNECTION ldap://localhost:10389
#!DATE 2022-01-04T09:48:47.987
dn: m-oid=1.2.40.0.13.1.15.111.3.75, ou=attributetypes, cn=dcm4chee-archive-
 ui, ou=schema
objectclass: metaAttributeType
objectclass: metaTop
objectclass: top
m-oid: 1.2.40.0.13.1.15.111.3.75
m-name: dcmuiLogoURL
m-description: Logo URL
m-equality: caseExactMatch
m-syntax: 1.3.6.1.4.1.1466.115.121.1.15
m-singleValue: TRUE

#!RESULT OK
#!CONNECTION ldap://localhost:10389
#!DATE 2022-01-04T09:48:47.987
dn: ou=comparators, cn=dcm4chee-archive-ui, ou=schema
objectclass: organizationalUnit
objectclass: top
ou: comparators

#!RESULT OK
#!CONNECTION ldap://localhost:10389
#!DATE 2022-01-04T09:48:48.003
dn: ou=ditcontentrules, cn=dcm4chee-archive-ui, ou=schema
objectclass: organizationalUnit
objectclass: top
ou: ditcontentrules

#!RESULT OK
#!CONNECTION ldap://localhost:10389
#!DATE 2022-01-04T09:48:48.003
dn: ou=ditstructurerules, cn=dcm4chee-archive-ui, ou=schema
objectclass: organizationalUnit
objectclass: top
ou: ditstructurerules

#!RESULT OK
#!CONNECTION ldap://localhost:10389
#!DATE 2022-01-04T09:48:48.003
dn: ou=matchingrules, cn=dcm4chee-archive-ui, ou=schema
objectclass: organizationalUnit
objectclass: top
ou: matchingrules

#!RESULT OK
#!CONNECTION ldap://localhost:10389
#!DATE 2022-01-04T09:48:48.003
dn: ou=matchingruleuse, cn=dcm4chee-archive-ui, ou=schema
objectclass: organizationalUnit
objectclass: top
ou: matchingruleuse

#!RESULT OK
#!CONNECTION ldap://localhost:10389
#!DATE 2022-01-04T09:48:48.003
dn: ou=nameforms, cn=dcm4chee-archive-ui, ou=schema
objectclass: organizationalUnit
objectclass: top
ou: nameforms

#!RESULT OK
#!CONNECTION ldap://localhost:10389
#!DATE 2022-01-04T09:48:48.003
dn: ou=normalizers, cn=dcm4chee-archive-ui, ou=schema
objectclass: organizationalUnit
objectclass: top
ou: normalizers

#!RESULT OK
#!CONNECTION ldap://localhost:10389
#!DATE 2022-01-04T09:48:48.003
dn: ou=objectclasses, cn=dcm4chee-archive-ui, ou=schema
objectclass: organizationalUnit
objectclass: top
ou: objectClasses

#!RESULT OK
#!CONNECTION ldap://localhost:10389
#!DATE 2022-01-04T09:48:48.018
dn: m-oid=1.2.40.0.13.1.15.111.4.1, ou=objectclasses, cn=dcm4chee-archive-ui
 , ou=schema
objectclass: metaObjectClass
objectclass: metaTop
objectclass: top
m-oid: 1.2.40.0.13.1.15.111.4.1
m-name: dcmuiConfig
m-description: Archive UI Configuration
m-supObjectClass: top
m-must: dcmuiConfigName
m-may: dcmuiModalities
m-may: dcmuiDefaultWidgetAets
m-may: dcmuiXDSInterfaceURL
m-may: dcmuiBackgroundURL
m-may: dcmuiLogoURL
m-may: dcmDefaultLanguage
m-may: dcmLanguages
m-may: dcmuiWidgetAets

#!RESULT OK
#!CONNECTION ldap://localhost:10389
#!DATE 2022-01-04T09:48:48.050
dn: m-oid=1.2.40.0.13.1.15.111.4.10, ou=objectclasses, cn=dcm4chee-archive-u
 i, ou=schema
objectclass: metaObjectClass
objectclass: metaTop
objectclass: top
m-oid: 1.2.40.0.13.1.15.111.4.10
m-name: dcmuiCompareSideObjects
m-description: Dashboard Side Compare
m-supObjectClass: top
m-must: dcmuiCompareSideName
m-must: dcmuiCompareSideElasticsearch
m-must: dcmuiCompareSideCluster
m-may: dcmuiCompareSideInstalled
m-may: dcmuiCompareSideQueueName
m-may: dcmuiCompareSideOrder
m-may: dcmuiCompareSideDescription

#!RESULT OK
#!CONNECTION ldap://localhost:10389
#!DATE 2022-01-04T09:48:48.065
dn: m-oid=1.2.40.0.13.1.15.111.4.11, ou=objectclasses, cn=dcm4chee-archive-u
 i, ou=schema
objectclass: metaObjectClass
objectclass: metaTop
objectclass: top
m-oid: 1.2.40.0.13.1.15.111.4.11
m-name: dcmuiFilterTemplateObject
m-description: Filter template
m-supObjectClass: top
m-must: dcmuiFilterTemplateGroupName
m-must: dcmuiFilterTemplateID
m-must: dcmuiFilterTemplateFilters
m-may: dcmuiFilterTemplateDescription
m-may: dcmuiFilterTemplateUsername
m-may: dcmuiFilterTemplateRole
m-may: dcmuiFilterTemplateDefault

#!RESULT OK
#!CONNECTION ldap://localhost:10389
#!DATE 2022-01-04T09:48:48.081
dn: m-oid=1.2.40.0.13.1.15.111.4.12, ou=objectclasses, cn=dcm4chee-archive-u
 i, ou=schema
objectclass: metaObjectClass
objectclass: metaTop
objectclass: top
m-oid: 1.2.40.0.13.1.15.111.4.12
m-name: dcmuiAetConfig
m-description: Filter template
m-supObjectClass: top
m-must: dcmuiAetListName
m-must: dcmuiAets
m-may: dcmuiAetListDescription
m-may: dcmuiMode
m-may: dcmAcceptedUserRole

#!RESULT OK
#!CONNECTION ldap://localhost:10389
#!DATE 2022-01-04T09:48:48.097
dn: m-oid=1.2.40.0.13.1.15.111.4.13, ou=objectclasses, cn=dcm4chee-archive-u
 i, ou=schema
objectclass: metaObjectClass
objectclass: metaTop
objectclass: top
m-oid: 1.2.40.0.13.1.15.111.4.13
m-name: dcmuiWebAppConfig
m-description: Web App List
m-supObjectClass: top
m-must: dcmuiWebAppListName
m-must: dcmuiMode
m-must: dcmuiWebApps
m-may: dcmuiWebAppListDescription
m-may: dcmAcceptedUserName
m-may: dcmAcceptedUserRole

#!RESULT OK
#!CONNECTION ldap://localhost:10389
#!DATE 2022-01-04T09:48:48.128
dn: m-oid=1.2.40.0.13.1.15.111.4.14, ou=objectclasses, cn=dcm4chee-archive-u
 i, ou=schema
objectclass: metaObjectClass
objectclass: metaTop
objectclass: top
m-oid: 1.2.40.0.13.1.15.111.4.14
m-name: dcmuiLanguageConfig
m-description: Language Config
m-supObjectClass: top
m-must: dcmuiLanguageConfigName
m-must: dcmLanguages

#!RESULT OK
#!CONNECTION ldap://localhost:10389
#!DATE 2022-01-04T09:48:48.143
dn: m-oid=1.2.40.0.13.1.15.111.4.15, ou=objectclasses, cn=dcm4chee-archive-u
 i, ou=schema
objectclass: metaObjectClass
objectclass: metaTop
objectclass: top
m-oid: 1.2.40.0.13.1.15.111.4.15
m-name: dcmuiLanguageProfileObjects
m-description: UI Elasticsearch URL
m-supObjectClass: top
m-must: dcmuiLanguageProfileName
m-must: dcmDefaultLanguage
m-may: dcmuiLanguageProfileRole
m-may: dcmuiLanguageProfileUsername

#!RESULT OK
#!CONNECTION ldap://localhost:10389
#!DATE 2022-01-04T09:48:48.161
dn: m-oid=1.2.40.0.13.1.15.111.4.2, ou=objectclasses, cn=dcm4chee-archive-ui
 , ou=schema
objectclass: metaObjectClass
objectclass: metaTop
objectclass: top
m-oid: 1.2.40.0.13.1.15.111.4.2
m-name: dcmuiPermission
m-description: Permission for UI Action
m-supObjectClass: top
m-must: dcmuiPermissionName
m-must: dcmuiAction
m-may: dcmuiActionParam
m-may: dcmAcceptedUserRole

#!RESULT OK
#!CONNECTION ldap://localhost:10389
#!DATE 2022-01-04T09:48:48.175
dn: m-oid=1.2.40.0.13.1.15.111.4.3, ou=objectclasses, cn=dcm4chee-archive-ui
 , ou=schema
objectclass: metaObjectClass
objectclass: metaTop
objectclass: top
m-oid: 1.2.40.0.13.1.15.111.4.3
m-name: dcmuiDiffConfig
m-description: UI Configuration for comparing studies in two archives
m-supObjectClass: top
m-must: dcmuiDiffConfigName
m-may: dcmuiDiffCallingAET
m-may: dcmuiDiffPrimaryCFindSCP
m-may: dcmuiDiffPrimaryCMoveSCP
m-may: dcmuiDiffPrimaryCStoreSCP
m-may: dcmuiDiffSecondaryCFindSCP
m-may: dcmuiDiffSecondaryCMoveSCP
m-may: dcmuiDiffSecondaryCStoreSCP

#!RESULT OK
#!CONNECTION ldap://localhost:10389
#!DATE 2022-01-04T09:48:48.190
dn: m-oid=1.2.40.0.13.1.15.111.4.4, ou=objectclasses, cn=dcm4chee-archive-ui
 , ou=schema
objectclass: metaObjectClass
objectclass: metaTop
objectclass: top
m-oid: 1.2.40.0.13.1.15.111.4.4
m-name: dcmuiDiffCriteria
m-description: Criteria for comparing studies in two archives
m-supObjectClass: top
m-must: dcmuiDiffCriteriaTitle
m-may: dicomDescription
m-may: dcmuiDiffCriteriaNumber
m-may: dcmuiDiffIncludeMissing
m-may: dcmAttributeSetID
m-may: dcmuiDiffAction
m-may: dcmuiDiffGroupButton

#!RESULT OK
#!CONNECTION ldap://localhost:10389
#!DATE 2022-01-04T09:48:48.222
dn: m-oid=1.2.40.0.13.1.15.111.4.5, ou=objectclasses, cn=dcm4chee-archive-ui
 , ou=schema
objectclass: metaObjectClass
objectclass: metaTop
objectclass: top
m-oid: 1.2.40.0.13.1.15.111.4.5
m-name: dcmuiDashboardConfig
m-description: UI Dashboard Config
m-supObjectClass: top
m-must: dcmuiDashboardConfigName
m-may: dcmuiQueueName
m-may: dcmuiExportName
m-may: dcmuiShowStarBlock
m-may: dcmuiCountWebApp
m-may: dicomuiDeviceName
m-may: dicomuiIgnoreParams
m-may: dicomuiDockerContainer
m-may: dcmuiCompareSideName

#!RESULT OK
#!CONNECTION ldap://localhost:10389
#!DATE 2022-01-04T09:48:48.237
dn: m-oid=1.2.40.0.13.1.15.111.4.6, ou=objectclasses, cn=dcm4chee-archive-ui
 , ou=schema
objectclass: metaObjectClass
objectclass: metaTop
objectclass: top
m-oid: 1.2.40.0.13.1.15.111.4.6
m-name: dcmuiElasticsearchConfig
m-description: UI Configuration for Elasticsearch
m-supObjectClass: top
m-must: dcmuiElasticsearchConfigName
m-may: dcmuiElasticsearchWebApp

#!RESULT OK
#!CONNECTION ldap://localhost:10389
#!DATE 2022-01-04T09:48:48.253
dn: m-oid=1.2.40.0.13.1.15.111.4.7, ou=objectclasses, cn=dcm4chee-archive-ui
 , ou=schema
objectclass: metaObjectClass
objectclass: metaTop
objectclass: top
m-oid: 1.2.40.0.13.1.15.111.4.7
m-name: dcmuiElasticsearchURLObjects
m-description: Elasticsearch URL
m-supObjectClass: top
m-must: dcmuiElasticsearchURLName
m-must: dcmuiElasticsearchWebApp
m-may: dcmuiElasticsearchIsDefault
m-may: dcmuiAuditEnterpriseSiteID
m-may: dcmuiElasticsearchInstalled

#!RESULT OK
#!CONNECTION ldap://localhost:10389
#!DATE 2022-01-04T09:48:48.268
dn: m-oid=1.2.40.0.13.1.15.111.4.8, ou=objectclasses, cn=dcm4chee-archive-ui
 , ou=schema
objectclass: metaObjectClass
objectclass: metaTop
objectclass: top
m-oid: 1.2.40.0.13.1.15.111.4.8
m-name: dcmuiDeviceURLObject
m-description: Device URL
m-supObjectClass: top
m-must: dcmuiDeviceURLName
m-must: dcmuiDeviceURL
m-may: dcmuiDeviceURLDescription
m-may: dcmuiDeviceURLInstalled

#!RESULT OK
#!CONNECTION ldap://localhost:10389
#!DATE 2022-01-04T09:48:48.284
dn: m-oid=1.2.40.0.13.1.15.111.4.9, ou=objectclasses, cn=dcm4chee-archive-ui
 , ou=schema
objectclass: metaObjectClass
objectclass: metaTop
objectclass: top
m-oid: 1.2.40.0.13.1.15.111.4.9
m-name: dcmuiDeviceClusterObject
m-description: Device Cluster
m-supObjectClass: top
m-must: dcmuiDeviceClusterName
m-may: dcmuiDeviceClusterDescription
m-may: dcmuiClusterWebApp
m-may: dcmuiDeviceClusterDevices
m-may: dcmuiDeviceClusterInstalled

#!RESULT OK
#!CONNECTION ldap://localhost:10389
#!DATE 2022-01-04T09:48:48.300
dn: ou=syntaxcheckers, cn=dcm4chee-archive-ui, ou=schema
objectclass: organizationalUnit
objectclass: top
ou: syntaxcheckers

#!RESULT OK
#!CONNECTION ldap://localhost:10389
#!DATE 2022-01-04T09:48:48.300
dn: ou=syntaxes, cn=dcm4chee-archive-ui, ou=schema
objectclass: organizationalUnit
objectclass: top
ou: syntaxes

