# Generated by Apache Directory Studio on March 2, 2017 9:56:54 AM

# SCHEMA "DICOM"
#!RESULT OK
#!CONNECTION ldap://localhost:10389
#!DATE 2022-01-04T09:46:48.429
dn: cn=dicom, ou=schema
objectclass: metaSchema
objectclass: top
cn: dicom
m-dependencies: core
m-dependencies: system

#!RESULT OK
#!CONNECTION ldap://localhost:10389
#!DATE 2022-01-04T09:46:48.491
dn: ou=attributetypes, cn=dicom, ou=schema
objectclass: organizationalUnit
objectclass: top
ou: attributetypes

#!RESULT OK
#!CONNECTION ldap://localhost:10389
#!DATE 2022-01-04T09:46:48.585
dn: m-oid=1.2.840.10008.15.0.3.1, ou=attributetypes, cn=dicom, ou=schema
objectclass: metaAttributeType
objectclass: metaTop
objectclass: top
m-oid: 1.2.840.10008.15.0.3.1
m-name: dicomDeviceName
m-description: The unique name for the device
m-equality: caseIgnoreMatch
m-substr: caseIgnoreSubstringsMatch
m-syntax: 1.3.6.1.4.1.1466.115.121.1.15
m-singleValue: TRUE

#!RESULT OK
#!CONNECTION ldap://localhost:10389
#!DATE 2022-01-04T09:46:48.741
dn: m-oid=1.2.840.10008.15.0.3.2, ou=attributetypes, cn=dicom, ou=schema
objectclass: metaAttributeType
objectclass: metaTop
objectclass: top
m-oid: 1.2.840.10008.15.0.3.2
m-name: dicomDescription
m-description: Textual description of the DICOM entity
m-equality: caseIgnoreMatch
m-substr: caseIgnoreSubstringsMatch
m-syntax: 1.3.6.1.4.1.1466.115.121.1.15
m-singleValue: TRUE

#!RESULT OK
#!CONNECTION ldap://localhost:10389
#!DATE 2022-01-04T09:46:48.789
dn: m-oid=1.2.840.10008.15.0.3.3, ou=attributetypes, cn=dicom, ou=schema
objectclass: metaAttributeType
objectclass: metaTop
objectclass: top
m-oid: 1.2.840.10008.15.0.3.3
m-name: dicomManufacturer
m-description: The device Manufacturer name
m-equality: caseIgnoreMatch
m-substr: caseIgnoreSubstringsMatch
m-syntax: 1.3.6.1.4.1.1466.115.121.1.15
m-singleValue: TRUE

#!RESULT OK
#!CONNECTION ldap://localhost:10389
#!DATE 2022-01-04T09:46:48.882
dn: m-oid=1.2.840.10008.15.0.3.4, ou=attributetypes, cn=dicom, ou=schema
objectclass: metaAttributeType
objectclass: metaTop
objectclass: top
m-oid: 1.2.840.10008.15.0.3.4
m-name: dicomManufacturerModelName
m-description: The device Manufacturer Model Name
m-equality: caseIgnoreMatch
m-substr: caseIgnoreSubstringsMatch
m-syntax: 1.3.6.1.4.1.1466.115.121.1.15
m-singleValue: TRUE

#!RESULT OK
#!CONNECTION ldap://localhost:10389
#!DATE 2022-01-04T09:46:48.945
dn: m-oid=1.2.840.10008.15.0.3.5, ou=attributetypes, cn=dicom, ou=schema
objectclass: metaAttributeType
objectclass: metaTop
objectclass: top
m-oid: 1.2.840.10008.15.0.3.5
m-name: dicomSoftwareVersion
m-description: The device software version. Should be the same as the values
  of Software Versions (0018,1020) in SOP instances created by this device.
m-equality: caseIgnoreMatch
m-substr: caseIgnoreSubstringsMatch
m-syntax: 1.3.6.1.4.1.1466.115.121.1.15

#!RESULT OK
#!CONNECTION ldap://localhost:10389
#!DATE 2022-01-04T09:46:49.054
dn: m-oid=1.2.840.10008.15.0.3.6, ou=attributetypes, cn=dicom, ou=schema
objectclass: metaAttributeType
objectclass: metaTop
objectclass: top
m-oid: 1.2.840.10008.15.0.3.6
m-name: dicomVendorData
m-description: Arbitrary vendor-specific configuration information (binary d
 ata)
m-syntax: 1.3.6.1.4.1.1466.115.121.1.5

#!RESULT OK
#!CONNECTION ldap://localhost:10389
#!DATE 2022-01-04T09:46:49.116
dn: m-oid=1.2.840.10008.15.0.3.7, ou=attributetypes, cn=dicom, ou=schema
objectclass: metaAttributeType
objectclass: metaTop
objectclass: top
m-oid: 1.2.840.10008.15.0.3.7
m-name: dicomAETitle
m-description: Application Entity (AE) title
m-equality: caseExactIA5Match
m-syntax: 1.3.6.1.4.1.1466.115.121.1.26
m-singleValue: TRUE

#!RESULT OK
#!CONNECTION ldap://localhost:10389
#!DATE 2022-01-04T09:46:49.148
dn: m-oid=1.2.840.10008.15.0.3.8, ou=attributetypes, cn=dicom, ou=schema
objectclass: metaAttributeType
objectclass: metaTop
objectclass: top
m-oid: 1.2.840.10008.15.0.3.8
m-name: dicomNetworkConnectionReference
m-description: The DN of a dicomNetworkConnection object used by an Applicat
 ion Entity
m-equality: distinguishedNameMatch
m-syntax: 1.3.6.1.4.1.1466.115.121.1.12

#!RESULT OK
#!CONNECTION ldap://localhost:10389
#!DATE 2022-01-04T09:46:49.179
dn: m-oid=1.2.840.10008.15.0.3.9, ou=attributetypes, cn=dicom, ou=schema
objectclass: metaAttributeType
objectclass: metaTop
objectclass: top
m-oid: 1.2.840.10008.15.0.3.9
m-name: dicomApplicationCluster
m-description: Application cluster name for an Application Entity (e.g. "Neu
 roradiology Research")
m-equality: caseIgnoreMatch
m-substr: caseIgnoreSubstringsMatch
m-syntax: 1.3.6.1.4.1.1466.115.121.1.15

#!RESULT OK
#!CONNECTION ldap://localhost:10389
#!DATE 2022-01-04T09:46:49.226
dn: m-oid=1.2.840.10008.15.0.3.10, ou=attributetypes, cn=dicom, ou=schema
objectclass: metaAttributeType
objectclass: metaTop
objectclass: top
m-oid: 1.2.840.10008.15.0.3.10
m-name: dicomAssociationInitiator
m-description: Indicates if an Application Entity is capable of initiating n
 etwork associations
m-equality: booleanMatch
m-syntax: 1.3.6.1.4.1.1466.115.121.1.7
m-singleValue: TRUE

#!RESULT OK
#!CONNECTION ldap://localhost:10389
#!DATE 2022-01-04T09:46:49.304
dn: m-oid=1.2.840.10008.15.0.3.11, ou=attributetypes, cn=dicom, ou=schema
objectclass: metaAttributeType
objectclass: metaTop
objectclass: top
m-oid: 1.2.840.10008.15.0.3.11
m-name: dicomAssociationAcceptor
m-description: Indicates if an Application Entity is capable of accepting ne
 twork associations
m-equality: booleanMatch
m-syntax: 1.3.6.1.4.1.1466.115.121.1.7
m-singleValue: TRUE

#!RESULT OK
#!CONNECTION ldap://localhost:10389
#!DATE 2022-01-04T09:46:49.335
dn: m-oid=1.2.840.10008.15.0.3.12, ou=attributetypes, cn=dicom, ou=schema
objectclass: metaAttributeType
objectclass: metaTop
objectclass: top
m-oid: 1.2.840.10008.15.0.3.12
m-name: dicomHostname
m-description: DNS hostname
m-equality: caseIgnoreMatch
m-substr: caseIgnoreSubstringsMatch
m-syntax: 1.3.6.1.4.1.1466.115.121.1.15
m-singleValue: TRUE

#!RESULT OK
#!CONNECTION ldap://localhost:10389
#!DATE 2022-01-04T09:46:49.351
dn: m-oid=1.2.840.10008.15.0.3.13, ou=attributetypes, cn=dicom, ou=schema
objectclass: metaAttributeType
objectclass: metaTop
objectclass: top
m-oid: 1.2.840.10008.15.0.3.13
m-name: dicomPort
m-description: TCP Port number
m-equality: integerMatch
m-syntax: 1.3.6.1.4.1.1466.115.121.1.27
m-singleValue: TRUE

#!RESULT OK
#!CONNECTION ldap://localhost:10389
#!DATE 2022-01-04T09:46:49.382
dn: m-oid=1.2.840.10008.15.0.3.14, ou=attributetypes, cn=dicom, ou=schema
objectclass: metaAttributeType
objectclass: metaTop
objectclass: top
m-oid: 1.2.840.10008.15.0.3.14
m-name: dicomSOPClass
m-description: A SOP Class UID
m-equality: objectIdentifierMatch
m-syntax: 1.3.6.1.4.1.1466.115.121.1.38
m-singleValue: TRUE

#!RESULT OK
#!CONNECTION ldap://localhost:10389
#!DATE 2022-01-04T09:46:49.398
dn: m-oid=1.2.840.10008.15.0.3.15, ou=attributetypes, cn=dicom, ou=schema
objectclass: metaAttributeType
objectclass: metaTop
objectclass: top
m-oid: 1.2.840.10008.15.0.3.15
m-name: dicomTransferRole
m-description: Transfer role (either "SCU" or "SCP")
m-equality: caseIgnoreMatch
m-substr: caseIgnoreSubstringsMatch
m-syntax: 1.3.6.1.4.1.1466.115.121.1.15
m-singleValue: TRUE

#!RESULT OK
#!CONNECTION ldap://localhost:10389
#!DATE 2022-01-04T09:46:49.413
dn: m-oid=1.2.840.10008.15.0.3.16, ou=attributetypes, cn=dicom, ou=schema
objectclass: metaAttributeType
objectclass: metaTop
objectclass: top
m-oid: 1.2.840.10008.15.0.3.16
m-name: dicomTransferSyntax
m-description: A Transfer Syntax UID
m-equality: objectIdentifierMatch
m-syntax: 1.3.6.1.4.1.1466.115.121.1.38

#!RESULT OK
#!CONNECTION ldap://localhost:10389
#!DATE 2022-01-04T09:46:49.445
dn: m-oid=1.2.840.10008.15.0.3.17, ou=attributetypes, cn=dicom, ou=schema
objectclass: metaAttributeType
objectclass: metaTop
objectclass: top
m-oid: 1.2.840.10008.15.0.3.17
m-name: dicomPrimaryDeviceType
m-description: The device Primary Device type
m-equality: caseExactIA5Match
m-syntax: 1.3.6.1.4.1.1466.115.121.1.26

#!RESULT OK
#!CONNECTION ldap://localhost:10389
#!DATE 2022-01-04T09:46:49.460
dn: m-oid=1.2.840.10008.15.0.3.18, ou=attributetypes, cn=dicom, ou=schema
objectclass: metaAttributeType
objectclass: metaTop
objectclass: top
m-oid: 1.2.840.10008.15.0.3.18
m-name: dicomRelatedDeviceReference
m-description: The DN of a related device description outside the DICOM Conf
 iguration Hierachy
m-equality: distinguishedNameMatch
m-syntax: 1.3.6.1.4.1.1466.115.121.1.12

#!RESULT OK
#!CONNECTION ldap://localhost:10389
#!DATE 2022-01-04T09:46:49.491
dn: m-oid=1.2.840.10008.15.0.3.19, ou=attributetypes, cn=dicom, ou=schema
objectclass: metaAttributeType
objectclass: metaTop
objectclass: top
m-oid: 1.2.840.10008.15.0.3.19
m-name: dicomPreferredCalledAETitle
m-description: AE Title(s) to which associations may be preferably initiated
 .
m-equality: caseExactIA5Match
m-syntax: 1.3.6.1.4.1.1466.115.121.1.26

#!RESULT OK
#!CONNECTION ldap://localhost:10389
#!DATE 2022-01-04T09:46:49.523
dn: m-oid=1.2.840.10008.15.0.3.20, ou=attributetypes, cn=dicom, ou=schema
objectclass: metaAttributeType
objectclass: metaTop
objectclass: top
m-oid: 1.2.840.10008.15.0.3.20
m-name: dicomTLSCipherSuite
m-description: The supported TLS CipherSuites
m-equality: caseExactIA5Match
m-syntax: 1.3.6.1.4.1.1466.115.121.1.26

#!RESULT OK
#!CONNECTION ldap://localhost:10389
#!DATE 2022-01-04T09:46:49.554
dn: m-oid=1.2.840.10008.15.0.3.21, ou=attributetypes, cn=dicom, ou=schema
objectclass: metaAttributeType
objectclass: metaTop
objectclass: top
m-oid: 1.2.840.10008.15.0.3.21
m-name: dicomAuthorizedNodeCertificateReference
m-description: The DN of a Certificate for a DICOM node that is authorized t
 o connect to this node
m-equality: distinguishedNameMatch
m-syntax: 1.3.6.1.4.1.1466.115.121.1.12

#!RESULT OK
#!CONNECTION ldap://localhost:10389
#!DATE 2022-01-04T09:46:49.570
dn: m-oid=1.2.840.10008.15.0.3.22, ou=attributetypes, cn=dicom, ou=schema
objectclass: metaAttributeType
objectclass: metaTop
objectclass: top
m-oid: 1.2.840.10008.15.0.3.22
m-name: dicomThisNodeCertificateReference
m-description: The DN of a related device description outside the DICOM Conf
 iguration Hierachy
m-equality: distinguishedNameMatch
m-syntax: 1.3.6.1.4.1.1466.115.121.1.12

#!RESULT OK
#!CONNECTION ldap://localhost:10389
#!DATE 2022-01-04T09:46:49.601
dn: m-oid=1.2.840.10008.15.0.3.23, ou=attributetypes, cn=dicom, ou=schema
objectclass: metaAttributeType
objectclass: metaTop
objectclass: top
m-oid: 1.2.840.10008.15.0.3.23
m-name: dicomInstalled
m-description: Indicates if the DICOM object (device, Network AE, or Port) i
 s presently installed
m-equality: booleanMatch
m-syntax: 1.3.6.1.4.1.1466.115.121.1.7
m-singleValue: TRUE

#!RESULT OK
#!CONNECTION ldap://localhost:10389
#!DATE 2022-01-04T09:46:49.616
dn: m-oid=1.2.840.10008.15.0.3.24, ou=attributetypes, cn=dicom, ou=schema
objectclass: metaAttributeType
objectclass: metaTop
objectclass: top
m-oid: 1.2.840.10008.15.0.3.24
m-name: dicomStationName
m-description: Station Name of the device.  Should be the same as the value 
 of Station Name (0008,1010) in SOP instances created by this device.
m-equality: caseIgnoreMatch
m-substr: caseIgnoreSubstringsMatch
m-syntax: 1.3.6.1.4.1.1466.115.121.1.15
m-singleValue: TRUE

#!RESULT OK
#!CONNECTION ldap://localhost:10389
#!DATE 2022-01-04T09:46:49.648
dn: m-oid=1.2.840.10008.15.0.3.25, ou=attributetypes, cn=dicom, ou=schema
objectclass: metaAttributeType
objectclass: metaTop
objectclass: top
m-oid: 1.2.840.10008.15.0.3.25
m-name: dicomDeviceSerialNumber
m-description: Serial number of the device. Should be the same as the value 
 of Device Serial Number (0018,1000) in SOP instances created by this device
 .
m-equality: caseIgnoreMatch
m-substr: caseIgnoreSubstringsMatch
m-syntax: 1.3.6.1.4.1.1466.115.121.1.15
m-singleValue: TRUE

#!RESULT OK
#!CONNECTION ldap://localhost:10389
#!DATE 2022-01-04T09:46:49.663
dn: m-oid=1.2.840.10008.15.0.3.26, ou=attributetypes, cn=dicom, ou=schema
objectclass: metaAttributeType
objectclass: metaTop
objectclass: top
m-oid: 1.2.840.10008.15.0.3.26
m-name: dicomInstitutionName
m-description: Institution name of the device. Should be the same as the val
 ue of Institution Name (0008,0080) in SOP Instances created by this device.
m-equality: caseIgnoreMatch
m-substr: caseIgnoreSubstringsMatch
m-syntax: 1.3.6.1.4.1.1466.115.121.1.15

#!RESULT OK
#!CONNECTION ldap://localhost:10389
#!DATE 2022-01-04T09:46:49.679
dn: m-oid=1.2.840.10008.15.0.3.27, ou=attributetypes, cn=dicom, ou=schema
objectclass: metaAttributeType
objectclass: metaTop
objectclass: top
m-oid: 1.2.840.10008.15.0.3.27
m-name: dicomInstitutionAddress
m-description: Institution address of the device.  Should be the same as the
  value of Institution Address (0008,0081) attribute in SOP Instances create
 d by this device.
m-equality: caseIgnoreMatch
m-substr: caseIgnoreSubstringsMatch
m-syntax: 1.3.6.1.4.1.1466.115.121.1.15

#!RESULT OK
#!CONNECTION ldap://localhost:10389
#!DATE 2022-01-04T09:46:49.710
dn: m-oid=1.2.840.10008.15.0.3.28, ou=attributetypes, cn=dicom, ou=schema
objectclass: metaAttributeType
objectclass: metaTop
objectclass: top
m-oid: 1.2.840.10008.15.0.3.28
m-name: dicomInstitutionDepartmentName
m-description: Institution department name of the device.  Should be the sam
 e as the value of Institutional Department Name (0008,1040) in SOP Instance
 s created by this device.
m-equality: caseIgnoreMatch
m-substr: caseIgnoreSubstringsMatch
m-syntax: 1.3.6.1.4.1.1466.115.121.1.15

#!RESULT OK
#!CONNECTION ldap://localhost:10389
#!DATE 2022-01-04T09:46:49.726
dn: m-oid=1.2.840.10008.15.0.3.29, ou=attributetypes, cn=dicom, ou=schema
objectclass: metaAttributeType
objectclass: metaTop
objectclass: top
m-oid: 1.2.840.10008.15.0.3.29
m-name: dicomIssuerOfPatientID
m-description: Default value for the Issuer of Patient ID (0010,0021), and o
 ptionally also default values for the Universal Entity ID (0040,0032) and t
 he Universal Entity ID Type (0040,0033) of the Item of the Issuer of Patien
 t ID Qualifiers Sequence (0010,0024), for SOP Instances created or queried 
 by this device.  May be overridden by the values received in a worklist or 
 other source.
m-equality: caseExactMatch
m-substr: caseExactSubstringsMatch
m-syntax: 1.3.6.1.4.1.1466.115.121.1.15
m-singleValue: TRUE

#!RESULT OK
#!CONNECTION ldap://localhost:10389
#!DATE 2022-01-04T09:46:49.741
dn: m-oid=1.2.840.10008.15.0.3.30, ou=attributetypes, cn=dicom, ou=schema
objectclass: metaAttributeType
objectclass: metaTop
objectclass: top
m-oid: 1.2.840.10008.15.0.3.30
m-name: dicomPreferredCallingAETitle
m-description: AE Title(s) to which associations may be preferably accepted.
m-equality: caseExactIA5Match
m-syntax: 1.3.6.1.4.1.1466.115.121.1.26

#!RESULT OK
#!CONNECTION ldap://localhost:10389
#!DATE 2022-01-04T09:46:49.773
dn: m-oid=1.2.840.10008.15.0.3.31, ou=attributetypes, cn=dicom, ou=schema
objectclass: metaAttributeType
objectclass: metaTop
objectclass: top
m-oid: 1.2.840.10008.15.0.3.31
m-name: dicomSupportedCharacterSet
m-description: The Character Set(s) supported by the Network AE for data set
 s it receives.
m-equality: caseExactIA5Match
m-syntax: 1.3.6.1.4.1.1466.115.121.1.26

#!RESULT OK
#!CONNECTION ldap://localhost:10389
#!DATE 2022-01-04T09:46:49.788
dn: m-oid=1.2.840.10008.15.0.3.32, ou=attributetypes, cn=dicom, ou=schema
objectclass: metaAttributeType
objectclass: metaTop
objectclass: top
m-oid: 1.2.840.10008.15.0.3.32
m-name: dicomIssuerOfAccessionNumber
m-description: Default values for the Local Namespace Entity ID (0040,0031),
  the Universal Entity ID (0040,0032) and the Universal Entity ID Type (0040
 ,0033) of the Item of the Issuer of Accession Number Sequence (0008,0051) f
 or SOP Instances created or queried by this device. May be overridden by th
 e values received in a worklist or other source.
m-equality: caseExactMatch
m-substr: caseExactSubstringsMatch
m-syntax: 1.3.6.1.4.1.1466.115.121.1.15
m-singleValue: TRUE

#!RESULT OK
#!CONNECTION ldap://localhost:10389
#!DATE 2022-01-04T09:46:49.804
dn: m-oid=1.2.840.10008.15.0.3.33, ou=attributetypes, cn=dicom, ou=schema
objectclass: metaAttributeType
objectclass: metaTop
objectclass: top
m-oid: 1.2.840.10008.15.0.3.33
m-name: dicomOrderPlacerIdentifier
m-description: Default values for the Local Namespace Entity ID (0040,0031),
  the Universal Entity ID (0040,0032) and the Universal Entity ID Type (0040
 ,0033) of the Item of the Order Placer Identifier Sequence (0040,0026) for 
 SOP Instances created or queried by this device. May be overridden by the v
 alues received in a worklist or other source.
m-equality: caseExactMatch
m-substr: caseExactSubstringsMatch
m-syntax: 1.3.6.1.4.1.1466.115.121.1.15
m-singleValue: TRUE

#!RESULT OK
#!CONNECTION ldap://localhost:10389
#!DATE 2022-01-04T09:46:49.835
dn: m-oid=1.2.840.10008.15.0.3.34, ou=attributetypes, cn=dicom, ou=schema
objectclass: metaAttributeType
objectclass: metaTop
objectclass: top
m-oid: 1.2.840.10008.15.0.3.34
m-name: dicomOrderFillerIdentifier
m-description: Default values for the Local Namespace Entity ID (0040,0031),
  the Universal Entity ID (0040,0032) and the Universal Entity ID Type (0040
 ,0033) of the Item of the Order Filler Identifier Sequence (0040,0027) for 
 SOP Instances created or queried by this device. May be overridden by the v
 alues received in a worklist or other source.
m-equality: caseExactMatch
m-substr: caseExactSubstringsMatch
m-syntax: 1.3.6.1.4.1.1466.115.121.1.15
m-singleValue: TRUE

#!RESULT OK
#!CONNECTION ldap://localhost:10389
#!DATE 2022-01-04T09:46:49.851
dn: m-oid=1.2.840.10008.15.0.3.35, ou=attributetypes, cn=dicom, ou=schema
objectclass: metaAttributeType
objectclass: metaTop
objectclass: top
m-oid: 1.2.840.10008.15.0.3.35
m-name: dicomIssuerOfAdmissionID
m-description: Default values for the Local Namespace Entity ID (0040,0031),
  the Universal Entity ID (0040,0032) and the Universal Entity ID Type (0040
 ,0033) of the Item of the Issuer of Admission ID Sequence (0038,0014) for S
 OP Instances created or queried by this device. May be overridden by the va
 lues received in a worklist or other source.
m-equality: caseExactMatch
m-substr: caseExactSubstringsMatch
m-syntax: 1.3.6.1.4.1.1466.115.121.1.15
m-singleValue: TRUE

#!RESULT OK
#!CONNECTION ldap://localhost:10389
#!DATE 2022-01-04T09:46:49.851
dn: m-oid=1.2.840.10008.15.0.3.36, ou=attributetypes, cn=dicom, ou=schema
objectclass: metaAttributeType
objectclass: metaTop
objectclass: top
m-oid: 1.2.840.10008.15.0.3.36
m-name: dicomIssuerOfServiceEpisodeID
m-description: Default values for the Local Namespace Entity ID (0040,0031),
  the Universal Entity ID (0040,0032) and the Universal Entity ID Type (0040
 ,0033) of the Item of the Issuer of Service Episode ID Sequence (0038,0064)
  for SOP Instances created or queried by this device. May be overridden by 
 the values received in a worklist or other source.
m-equality: caseExactMatch
m-substr: caseExactSubstringsMatch
m-syntax: 1.3.6.1.4.1.1466.115.121.1.15
m-singleValue: TRUE

#!RESULT OK
#!CONNECTION ldap://localhost:10389
#!DATE 2022-01-04T09:46:49.898
dn: m-oid=1.2.840.10008.15.0.3.37, ou=attributetypes, cn=dicom, ou=schema
objectclass: metaAttributeType
objectclass: metaTop
objectclass: top
m-oid: 1.2.840.10008.15.0.3.37
m-name: dicomIssuerOfContainerIdentifier
m-description: Default values for the Local Namespace Entity ID (0040,0031),
  the Universal Entity ID (0040,0032) and the Universal Entity ID Type (0040
 ,0033) of the Item of the Issuer of Container Identifier Sequence (0040,051
 3) for SOP Instances created or queried by this device. May be overridden b
 y the values received in a worklist or other source.
m-equality: caseExactMatch
m-substr: caseExactSubstringsMatch
m-syntax: 1.3.6.1.4.1.1466.115.121.1.15
m-singleValue: TRUE

#!RESULT OK
#!CONNECTION ldap://localhost:10389
#!DATE 2022-01-04T09:46:49.913
dn: m-oid=1.2.840.10008.15.0.3.38, ou=attributetypes, cn=dicom, ou=schema
objectclass: metaAttributeType
objectclass: metaTop
objectclass: top
m-oid: 1.2.840.10008.15.0.3.38
m-name: dicomIssuerOfSpecimenIdentifier
m-description: Default values for the Local Namespace Entity ID (0040,0031),
  the Universal Entity ID (0040,0032) and the Universal Entity ID Type (0040
 ,0033) of the Item of the Issuer of Specimen Identifier Sequence (0040,0562
 ) for SOP Instances created or queried by this device. May be overridden by
  the values received in a worklist or other source.
m-equality: caseExactMatch
m-substr: caseExactSubstringsMatch
m-syntax: 1.3.6.1.4.1.1466.115.121.1.15
m-singleValue: TRUE

#!RESULT OK
#!CONNECTION ldap://localhost:10389
#!DATE 2022-01-04T09:46:49.945
dn: m-oid=1.2.840.10008.15.0.3.39, ou=attributetypes, cn=dicom, ou=schema
objectclass: metaAttributeType
objectclass: metaTop
objectclass: top
m-oid: 1.2.840.10008.15.0.3.39
m-name: dicomInstitutionCode
m-description: Institution code of the device. Should be the same as the cod
 e specified by the Institution Code Sequence (0008,0082) in SOP Instances c
 reated by this device.
m-equality: caseExactMatch
m-substr: caseExactSubstringsMatch
m-syntax: 1.3.6.1.4.1.1466.115.121.1.15

#!RESULT OK
#!CONNECTION ldap://localhost:10389
#!DATE 2022-01-04T09:46:49.960
dn: m-oid=1.2.840.10008.15.0.3.40, ou=attributetypes, cn=dicom, ou=schema
objectclass: metaAttributeType
objectclass: metaTop
objectclass: top
m-oid: 1.2.840.10008.15.0.3.40
m-name: dicomDeviceUID
m-description: Unique identifier of the device.
m-equality: objectIdentifierMatch
m-syntax: 1.3.6.1.4.1.1466.115.121.1.38
m-singleValue: TRUE

#!RESULT OK
#!CONNECTION ldap://localhost:10389
#!DATE 2022-01-04T09:46:49.976
dn: ou=comparators, cn=dicom, ou=schema
objectclass: organizationalUnit
objectclass: top
ou: comparators

#!RESULT OK
#!CONNECTION ldap://localhost:10389
#!DATE 2022-01-04T09:46:49.976
dn: ou=ditcontentrules, cn=dicom, ou=schema
objectclass: organizationalUnit
objectclass: top
ou: ditcontentrules

#!RESULT OK
#!CONNECTION ldap://localhost:10389
#!DATE 2022-01-04T09:46:49.976
dn: ou=ditstructurerules, cn=dicom, ou=schema
objectclass: organizationalUnit
objectclass: top
ou: ditstructurerules

#!RESULT OK
#!CONNECTION ldap://localhost:10389
#!DATE 2022-01-04T09:46:49.991
dn: ou=matchingrules, cn=dicom, ou=schema
objectclass: organizationalUnit
objectclass: top
ou: matchingrules

#!RESULT OK
#!CONNECTION ldap://localhost:10389
#!DATE 2022-01-04T09:46:49.991
dn: ou=matchingruleuse, cn=dicom, ou=schema
objectclass: organizationalUnit
objectclass: top
ou: matchingruleuse

#!RESULT OK
#!CONNECTION ldap://localhost:10389
#!DATE 2022-01-04T09:46:49.991
dn: ou=nameforms, cn=dicom, ou=schema
objectclass: organizationalUnit
objectclass: top
ou: nameforms

#!RESULT OK
#!CONNECTION ldap://localhost:10389
#!DATE 2022-01-04T09:46:49.991
dn: ou=normalizers, cn=dicom, ou=schema
objectclass: organizationalUnit
objectclass: top
ou: normalizers

#!RESULT OK
#!CONNECTION ldap://localhost:10389
#!DATE 2022-01-04T09:46:50.007
dn: ou=objectclasses, cn=dicom, ou=schema
objectclass: organizationalUnit
objectclass: top
ou: objectClasses

#!RESULT OK
#!CONNECTION ldap://localhost:10389
#!DATE 2022-01-04T09:46:50.023
dn: m-oid=1.2.840.10008.15.0.4.1, ou=objectclasses, cn=dicom, ou=schema
objectclass: metaObjectClass
objectclass: metaTop
objectclass: top
m-oid: 1.2.840.10008.15.0.4.1
m-name: dicomConfigurationRoot
m-description: Root of the DICOM Configuration Hierarchy
m-supObjectClass: top
m-must: cn
m-may: description

#!RESULT OK
#!CONNECTION ldap://localhost:10389
#!DATE 2022-01-04T09:46:50.038
dn: m-oid=1.2.840.10008.15.0.4.2, ou=objectclasses, cn=dicom, ou=schema
objectclass: metaObjectClass
objectclass: metaTop
objectclass: top
m-oid: 1.2.840.10008.15.0.4.2
m-name: dicomDevicesRoot
m-description: Root of the DICOM Devices Hierarchy
m-supObjectClass: top
m-must: cn
m-may: description

#!RESULT OK
#!CONNECTION ldap://localhost:10389
#!DATE 2022-01-04T09:46:50.054
dn: m-oid=1.2.840.10008.15.0.4.3, ou=objectclasses, cn=dicom, ou=schema
objectclass: metaObjectClass
objectclass: metaTop
objectclass: top
m-oid: 1.2.840.10008.15.0.4.3
m-name: dicomUniqueAETitlesRegistryRoot
m-description: Root of the Unique DICOM AE-Title Registry Hierarchy
m-supObjectClass: top
m-must: cn
m-may: description

#!RESULT OK
#!CONNECTION ldap://localhost:10389
#!DATE 2022-01-04T09:46:50.070
dn: m-oid=1.2.840.10008.15.0.4.4, ou=objectclasses, cn=dicom, ou=schema
objectclass: metaObjectClass
objectclass: metaTop
objectclass: top
m-oid: 1.2.840.10008.15.0.4.4
m-name: dicomDevice
m-description: DICOM Device related information
m-supObjectClass: top
m-must: dicomDeviceName
m-must: dicomInstalled
m-may: dicomDescription
m-may: dicomDeviceUID
m-may: dicomManufacturer
m-may: dicomManufacturerModelName
m-may: dicomSoftwareVersion
m-may: dicomStationName
m-may: dicomDeviceSerialNumber
m-may: dicomInstitutionName
m-may: dicomInstitutionAddress
m-may: dicomInstitutionCode
m-may: dicomInstitutionDepartmentName
m-may: dicomIssuerOfPatientID
m-may: dicomIssuerOfAccessionNumber
m-may: dicomOrderPlacerIdentifier
m-may: dicomOrderFillerIdentifier
m-may: dicomIssuerOfAdmissionID
m-may: dicomIssuerOfServiceEpisodeID
m-may: dicomIssuerOfContainerIdentifier
m-may: dicomIssuerOfSpecimenIdentifier
m-may: dicomVendorData
m-may: dicomPrimaryDeviceType
m-may: dicomRelatedDeviceReference
m-may: dicomAuthorizedNodeCertificateReference
m-may: dicomThisNodeCertificateReference

#!RESULT OK
#!CONNECTION ldap://localhost:10389
#!DATE 2022-01-04T09:46:50.085
dn: m-oid=1.2.840.10008.15.0.4.5, ou=objectclasses, cn=dicom, ou=schema
objectclass: metaObjectClass
objectclass: metaTop
objectclass: top
m-oid: 1.2.840.10008.15.0.4.5
m-name: dicomNetworkAE
m-description: DICOM Network AE related information
m-supObjectClass: top
m-must: dicomAETitle
m-must: dicomNetworkConnectionReference
m-must: dicomAssociationInitiator
m-must: dicomAssociationAcceptor
m-may: dicomDescription
m-may: dicomVendorData
m-may: dicomApplicationCluster
m-may: dicomPreferredCalledAETitle
m-may: dicomPreferredCallingAETitle
m-may: dicomSupportedCharacterSet
m-may: dicomInstalled

#!RESULT OK
#!CONNECTION ldap://localhost:10389
#!DATE 2022-01-04T09:46:50.116
dn: m-oid=1.2.840.10008.15.0.4.6, ou=objectclasses, cn=dicom, ou=schema
objectclass: metaObjectClass
objectclass: metaTop
objectclass: top
m-oid: 1.2.840.10008.15.0.4.6
m-name: dicomNetworkConnection
m-description: DICOM Network Connection information
m-supObjectClass: top
m-must: dicomHostname
m-may: cn
m-may: dicomPort
m-may: dicomTLSCipherSuite
m-may: dicomInstalled

#!RESULT OK
#!CONNECTION ldap://localhost:10389
#!DATE 2022-01-04T09:46:50.132
dn: m-oid=1.2.840.10008.15.0.4.7, ou=objectclasses, cn=dicom, ou=schema
objectclass: metaObjectClass
objectclass: metaTop
objectclass: top
m-oid: 1.2.840.10008.15.0.4.7
m-name: dicomUniqueAETitle
m-description: A Unique DICOM Application Entity title
m-supObjectClass: top
m-must: dicomAETitle

#!RESULT OK
#!CONNECTION ldap://localhost:10389
#!DATE 2022-01-04T09:46:50.148
dn: m-oid=1.2.840.10008.15.0.4.8, ou=objectclasses, cn=dicom, ou=schema
objectclass: metaObjectClass
objectclass: metaTop
objectclass: top
m-oid: 1.2.840.10008.15.0.4.8
m-name: dicomTransferCapability
m-description: Transfer Capabilities for an Application Entity
m-supObjectClass: top
m-must: dicomSOPClass
m-must: dicomTransferRole
m-must: dicomTransferSyntax
m-may: cn

#!RESULT OK
#!CONNECTION ldap://localhost:10389
#!DATE 2022-01-04T09:46:50.148
dn: ou=syntaxcheckers, cn=dicom, ou=schema
objectclass: organizationalUnit
objectclass: top
ou: syntaxcheckers

#!RESULT OK
#!CONNECTION ldap://localhost:10389
#!DATE 2022-01-04T09:46:50.163
dn: ou=syntaxes, cn=dicom, ou=schema
objectclass: organizationalUnit
objectclass: top
ou: syntaxes

