[2022-01-11 01:55:31] [info]  [ 6540] Apache Commons Daemon procrun (1.2.4.0 64-bit) started.
[2022-01-11 01:55:31] [info]  [ 6540] Running Service 'Tomcat8'...
[2022-01-11 01:55:31] [info]  [ 7136] Starting service...
[2022-01-11 01:55:32] [info]  [ 7136] Service started in 1320 milliseconds.
[2022-01-11 02:46:15] [info]  [ 1748] Stopping service...
[2022-01-11 02:46:16] [info]  [ 1748] Service stop thread completed.
[2022-01-11 02:46:16] [info]  [ 6540] Run service finished.
[2022-01-11 02:46:16] [info]  [ 6540] Apache Commons Daemon procrun finished.
[2022-01-11 02:46:16] [info]  [ 6632] Apache Commons Daemon procrun (1.2.4.0 64-bit) started.
[2022-01-11 02:46:16] [info]  [ 6632] Running Service 'Tomcat8'...
[2022-01-11 02:46:16] [info]  [ 6840] Starting service...
[2022-01-11 02:46:17] [info]  [ 6840] Service started in 1281 milliseconds.
[2022-01-11 03:04:10] [info]  [ 1176] Stopping service...
[2022-01-11 03:04:11] [info]  [ 1176] Service stop thread completed.
[2022-01-11 03:04:11] [info]  [ 6632] Run service finished.
[2022-01-11 03:04:11] [info]  [ 6632] Apache Commons Daemon procrun finished.
[2022-01-11 03:04:11] [info]  [ 4768] Apache Commons Daemon procrun (1.2.4.0 64-bit) started.
[2022-01-11 03:04:11] [info]  [ 4768] Running Service 'Tomcat8'...
[2022-01-11 03:04:11] [info]  [ 4688] Starting service...
[2022-01-11 03:04:12] [info]  [ 4688] Service started in 1468 milliseconds.
[2022-01-11 03:09:43] [info]  [ 6068] Stopping service...
[2022-01-11 03:09:44] [info]  [ 6068] Service stop thread completed.
[2022-01-11 03:09:44] [info]  [ 4768] Run service finished.
[2022-01-11 03:09:44] [info]  [ 4768] Apache Commons Daemon procrun finished.
[2022-01-11 03:09:44] [info]  [ 4872] Apache Commons Daemon procrun (1.2.4.0 64-bit) started.
[2022-01-11 03:09:44] [info]  [ 4872] Running Service 'Tomcat8'...
[2022-01-11 03:09:44] [info]  [ 6056] Starting service...
[2022-01-11 03:09:45] [info]  [ 6056] Service started in 1280 milliseconds.
[2022-01-11 03:19:52] [info]  [ 5224] Stopping service...
[2022-01-11 03:19:53] [info]  [ 5224] Service stop thread completed.
[2022-01-11 03:19:53] [info]  [ 4872] Run service finished.
[2022-01-11 03:19:53] [info]  [ 4872] Apache Commons Daemon procrun finished.
[2022-01-11 03:19:53] [info]  [ 3172] Apache Commons Daemon procrun (1.2.4.0 64-bit) started.
[2022-01-11 03:19:53] [info]  [ 3172] Running Service 'Tomcat8'...
[2022-01-11 03:19:53] [info]  [ 5656] Starting service...
[2022-01-11 03:19:55] [info]  [ 5656] Service started in 1359 milliseconds.
[2022-01-11 03:26:52] [info]  [ 3120] Stopping service...
[2022-01-11 03:26:53] [info]  [ 3120] Service stop thread completed.
[2022-01-11 03:26:53] [info]  [ 3172] Run service finished.
[2022-01-11 03:26:53] [info]  [ 3172] Apache Commons Daemon procrun finished.
[2022-01-11 03:26:53] [info]  [ 3244] Apache Commons Daemon procrun (1.2.4.0 64-bit) started.
[2022-01-11 03:26:53] [info]  [ 3244] Running Service 'Tomcat8'...
[2022-01-11 03:26:53] [info]  [ 3840] Starting service...
[2022-01-11 03:26:55] [info]  [ 3840] Service started in 1328 milliseconds.
[2022-01-11 03:31:30] [info]  [ 6208] Stopping service...
[2022-01-11 03:31:31] [info]  [ 6208] Service stop thread completed.
[2022-01-11 03:31:31] [info]  [ 3244] Run service finished.
[2022-01-11 03:31:31] [info]  [ 3244] Apache Commons Daemon procrun finished.
[2022-01-11 03:31:31] [info]  [ 2012] Apache Commons Daemon procrun (1.2.4.0 64-bit) started.
[2022-01-11 03:31:31] [info]  [ 2012] Running Service 'Tomcat8'...
[2022-01-11 03:31:31] [info]  [ 4864] Starting service...
[2022-01-11 03:31:32] [info]  [ 4864] Service started in 1320 milliseconds.
[2022-01-11 03:32:24] [info]  [ 2432] Stopping service...
[2022-01-11 03:32:25] [info]  [ 2432] Service stop thread completed.
[2022-01-11 03:32:25] [info]  [ 2012] Run service finished.
[2022-01-11 03:32:25] [info]  [ 2012] Apache Commons Daemon procrun finished.
[2022-01-11 03:32:25] [info]  [ 5936] Apache Commons Daemon procrun (1.2.4.0 64-bit) started.
[2022-01-11 03:32:25] [info]  [ 5936] Running Service 'Tomcat8'...
[2022-01-11 03:32:25] [info]  [ 2256] Starting service...
[2022-01-11 03:32:27] [info]  [ 2256] Service started in 1343 milliseconds.
[2022-01-11 03:56:16] [info]  [ 4544] Stopping service...
[2022-01-11 03:56:17] [info]  [ 4544] Service stop thread completed.
[2022-01-11 03:56:17] [info]  [ 5936] Run service finished.
[2022-01-11 03:56:17] [info]  [ 5936] Apache Commons Daemon procrun finished.
[2022-01-11 03:56:17] [info]  [ 4156] Apache Commons Daemon procrun (1.2.4.0 64-bit) started.
[2022-01-11 03:56:17] [info]  [ 4156] Running Service 'Tomcat8'...
[2022-01-11 03:56:17] [info]  [ 4456] Starting service...
[2022-01-11 03:56:19] [info]  [ 4456] Service started in 1293 milliseconds.
[2022-01-11 04:48:31] [info]  [ 6156] Stopping service...
[2022-01-11 04:48:32] [info]  [ 6156] Service stop thread completed.
[2022-01-11 04:48:32] [info]  [ 4156] Run service finished.
[2022-01-11 04:48:32] [info]  [ 4156] Apache Commons Daemon procrun finished.
[2022-01-11 04:48:33] [info]  [ 5552] Apache Commons Daemon procrun (1.2.4.0 64-bit) started.
[2022-01-11 04:48:33] [info]  [ 5552] Running Service 'Tomcat8'...
[2022-01-11 04:48:33] [info]  [ 3800] Starting service...
[2022-01-11 04:48:34] [info]  [ 3800] Service started in 1296 milliseconds.
[2022-02-11 11:06:40] [info]  [15036] Stopping service...
[2022-02-11 11:06:41] [info]  [15036] Service stop thread completed.
[2022-02-11 11:06:41] [info]  [ 5552] Run service finished.
[2022-02-11 11:06:41] [info]  [ 5552] Apache Commons Daemon procrun finished.
