04-Jan-2022 02:07:20.271 INFO [localhost-startStop-1] org.apache.catalina.core.ApplicationContext.log ContextListener: contextInitialized()
04-Jan-2022 02:07:20.271 INFO [localhost-startStop-1] org.apache.catalina.core.ApplicationContext.log SessionListener: contextInitialized()
04-Jan-2022 02:07:20.271 INFO [localhost-startStop-1] org.apache.catalina.core.ApplicationContext.log ContextListener: attributeAdded('StockTicker', 'async.Stockticker@63ee2f01')
04-Jan-2022 02:18:38.252 INFO [localhost-startStop-3] org.apache.catalina.core.ApplicationContext.log SessionListener: contextDestroyed()
04-Jan-2022 02:18:38.252 INFO [localhost-startStop-3] org.apache.catalina.core.ApplicationContext.log ContextListener: contextDestroyed()
04-Jan-2022 02:18:41.877 SEVERE [localhost-startStop-1] org.apache.tomcat.util.descriptor.web.SecurityConstraint.findUncoveredHttpMethods For security constraints with URL pattern [*.jsp] only the HTTP methods [POST GET] are covered. All other methods are uncovered.
04-Jan-2022 02:18:41.877 SEVERE [localhost-startStop-1] org.apache.tomcat.util.descriptor.web.SecurityConstraint.findUncoveredHttpMethods For security constraints with URL pattern [*.html] only the HTTP methods [POST GET] are covered. All other methods are uncovered.
04-Jan-2022 02:18:41.877 SEVERE [localhost-startStop-1] org.apache.tomcat.util.descriptor.web.SecurityConstraint.findUncoveredHttpMethods For security constraints with URL pattern [*.do] only the HTTP methods [POST GET] are covered. All other methods are uncovered.
04-Jan-2022 02:18:41.877 SEVERE [localhost-startStop-1] org.apache.tomcat.util.descriptor.web.SecurityConstraint.findUncoveredHttpMethods For security constraints with URL pattern [/oviyam] only the HTTP methods [POST GET] are covered. All other methods are uncovered.
04-Jan-2022 02:18:42.471 INFO [localhost-startStop-1] org.apache.catalina.core.ApplicationContext.log ContextListener: contextInitialized()
04-Jan-2022 02:18:42.471 INFO [localhost-startStop-1] org.apache.catalina.core.ApplicationContext.log SessionListener: contextInitialized()
04-Jan-2022 02:18:42.471 INFO [localhost-startStop-1] org.apache.catalina.core.ApplicationContext.log ContextListener: attributeAdded('StockTicker', 'async.Stockticker@3d40d369')
04-Jan-2022 03:52:44.727 INFO [localhost-startStop-2] org.apache.catalina.core.ApplicationContext.log SessionListener: contextDestroyed()
04-Jan-2022 03:52:44.727 INFO [localhost-startStop-2] org.apache.catalina.core.ApplicationContext.log ContextListener: contextDestroyed()
04-Jan-2022 03:52:44.727 SEVERE [localhost-startStop-2] org.apache.catalina.core.ApplicationContext.log Servlet [Listener] threw unload() exception
	javax.servlet.ServletException: Servlet.destroy() for servlet [Listener] threw exception
		at org.apache.catalina.core.StandardWrapper.unload(StandardWrapper.java:1324)
		at org.apache.catalina.core.StandardWrapper.stopInternal(StandardWrapper.java:1642)
		at org.apache.catalina.util.LifecycleBase.stop(LifecycleBase.java:257)
		at org.apache.catalina.core.StandardContext.stopInternal(StandardContext.java:5455)
		at org.apache.catalina.util.LifecycleBase.stop(LifecycleBase.java:257)
		at org.apache.catalina.core.ContainerBase$StopChild.call(ContainerBase.java:1443)
		at org.apache.catalina.core.ContainerBase$StopChild.call(ContainerBase.java:1432)
		at java.base/java.util.concurrent.FutureTask.run(FutureTask.java:264)
		at java.base/java.util.concurrent.ThreadPoolExecutor.runWorker(ThreadPoolExecutor.java:1128)
		at java.base/java.util.concurrent.ThreadPoolExecutor$Worker.run(ThreadPoolExecutor.java:628)
		at java.base/java.lang.Thread.run(Thread.java:834)
	Caused by: java.lang.NullPointerException
		at in.raster.oviyam.servlet.ListenerServlet.destroy(ListenerServlet.java:157)
		at org.apache.catalina.core.StandardWrapper.unload(StandardWrapper.java:1313)
		... 10 more
04-Jan-2022 03:52:48.362 SEVERE [localhost-startStop-1] org.apache.tomcat.util.descriptor.web.SecurityConstraint.findUncoveredHttpMethods For security constraints with URL pattern [*.jsp] only the HTTP methods [POST GET] are covered. All other methods are uncovered.
04-Jan-2022 03:52:48.362 SEVERE [localhost-startStop-1] org.apache.tomcat.util.descriptor.web.SecurityConstraint.findUncoveredHttpMethods For security constraints with URL pattern [*.html] only the HTTP methods [POST GET] are covered. All other methods are uncovered.
04-Jan-2022 03:52:48.362 SEVERE [localhost-startStop-1] org.apache.tomcat.util.descriptor.web.SecurityConstraint.findUncoveredHttpMethods For security constraints with URL pattern [*.do] only the HTTP methods [POST GET] are covered. All other methods are uncovered.
04-Jan-2022 03:52:48.362 SEVERE [localhost-startStop-1] org.apache.tomcat.util.descriptor.web.SecurityConstraint.findUncoveredHttpMethods For security constraints with URL pattern [/oviyam] only the HTTP methods [POST GET] are covered. All other methods are uncovered.
04-Jan-2022 03:52:49.039 INFO [localhost-startStop-1] org.apache.catalina.core.ApplicationContext.log ContextListener: contextInitialized()
04-Jan-2022 03:52:49.039 INFO [localhost-startStop-1] org.apache.catalina.core.ApplicationContext.log SessionListener: contextInitialized()
04-Jan-2022 03:52:49.039 INFO [localhost-startStop-1] org.apache.catalina.core.ApplicationContext.log ContextListener: attributeAdded('StockTicker', 'async.Stockticker@7eaffef8')
04-Jan-2022 03:58:21.569 INFO [localhost-startStop-2] org.apache.catalina.core.ApplicationContext.log SessionListener: contextDestroyed()
04-Jan-2022 03:58:21.569 INFO [localhost-startStop-2] org.apache.catalina.core.ApplicationContext.log ContextListener: contextDestroyed()
04-Jan-2022 07:33:35.826 SEVERE [localhost-startStop-1] org.apache.tomcat.util.descriptor.web.SecurityConstraint.findUncoveredHttpMethods For security constraints with URL pattern [*.jsp] only the HTTP methods [POST GET] are covered. All other methods are uncovered.
04-Jan-2022 07:33:35.826 SEVERE [localhost-startStop-1] org.apache.tomcat.util.descriptor.web.SecurityConstraint.findUncoveredHttpMethods For security constraints with URL pattern [*.html] only the HTTP methods [POST GET] are covered. All other methods are uncovered.
04-Jan-2022 07:33:35.826 SEVERE [localhost-startStop-1] org.apache.tomcat.util.descriptor.web.SecurityConstraint.findUncoveredHttpMethods For security constraints with URL pattern [*.do] only the HTTP methods [POST GET] are covered. All other methods are uncovered.
04-Jan-2022 07:33:35.826 SEVERE [localhost-startStop-1] org.apache.tomcat.util.descriptor.web.SecurityConstraint.findUncoveredHttpMethods For security constraints with URL pattern [/oviyam] only the HTTP methods [POST GET] are covered. All other methods are uncovered.
04-Jan-2022 07:33:36.561 INFO [localhost-startStop-1] org.apache.catalina.core.ApplicationContext.log ContextListener: contextInitialized()
04-Jan-2022 07:33:36.561 INFO [localhost-startStop-1] org.apache.catalina.core.ApplicationContext.log SessionListener: contextInitialized()
04-Jan-2022 07:33:36.561 INFO [localhost-startStop-1] org.apache.catalina.core.ApplicationContext.log ContextListener: attributeAdded('StockTicker', 'async.Stockticker@54c7c6d1')
